[2020-04-03 21:26:06.170] [exthost] [info] extension host started
[2020-04-03 21:26:06.207] [exthost] [info] ExtensionService#_doActivateExtension vscode.debug-auto-launch {"startup":true,"extensionId":{"value":"vscode.debug-auto-launch","_lower":"vscode.debug-auto-launch"},"activationEvent":"*"}
[2020-04-03 21:26:06.208] [exthost] [info] ExtensionService#loadCommonJSModule file:///snap/code/28/usr/share/code/resources/app/extensions/debug-auto-launch/dist/extension
[2020-04-03 21:26:06.212] [exthost] [info] ExtensionService#_doActivateExtension vscode.emmet {"startup":true,"extensionId":{"value":"vscode.emmet","_lower":"vscode.emmet"},"activationEvent":"*"}
[2020-04-03 21:26:06.212] [exthost] [info] ExtensionService#loadCommonJSModule file:///snap/code/28/usr/share/code/resources/app/extensions/emmet/dist/extension
[2020-04-03 21:26:06.232] [exthost] [info] ExtensionService#_doActivateExtension vscode.git {"startup":true,"extensionId":{"value":"vscode.git","_lower":"vscode.git"},"activationEvent":"*"}
[2020-04-03 21:26:06.232] [exthost] [info] ExtensionService#loadCommonJSModule file:///snap/code/28/usr/share/code/resources/app/extensions/git/dist/main
[2020-04-03 21:26:06.272] [exthost] [info] ExtensionService#_doActivateExtension vscode.github-authentication {"startup":true,"extensionId":{"value":"vscode.github-authentication","_lower":"vscode.github-authentication"},"activationEvent":"*"}
[2020-04-03 21:26:06.272] [exthost] [info] ExtensionService#loadCommonJSModule file:///snap/code/28/usr/share/code/resources/app/extensions/github-authentication/dist/extension.js
[2020-04-03 21:26:06.275] [exthost] [info] ExtensionService#_doActivateExtension vscode.merge-conflict {"startup":true,"extensionId":{"value":"vscode.merge-conflict","_lower":"vscode.merge-conflict"},"activationEvent":"*"}
[2020-04-03 21:26:06.275] [exthost] [info] ExtensionService#loadCommonJSModule file:///snap/code/28/usr/share/code/resources/app/extensions/merge-conflict/dist/extension
[2020-04-03 21:26:06.278] [exthost] [info] ExtensionService#_doActivateExtension vscode.search-result {"startup":true,"extensionId":{"value":"vscode.search-result","_lower":"vscode.search-result"},"activationEvent":"*"}
[2020-04-03 21:26:06.278] [exthost] [info] ExtensionService#loadCommonJSModule file:///snap/code/28/usr/share/code/resources/app/extensions/search-result/dist/extension.js
[2020-04-03 21:26:06.279] [exthost] [info] ExtensionService#_doActivateExtension vscode.vscode-account {"startup":true,"extensionId":{"value":"vscode.vscode-account","_lower":"vscode.vscode-account"},"activationEvent":"*"}
[2020-04-03 21:26:06.279] [exthost] [info] ExtensionService#loadCommonJSModule file:///snap/code/28/usr/share/code/resources/app/extensions/vscode-account/dist/extension.js
[2020-04-03 21:26:06.282] [exthost] [info] ExtensionService#_doActivateExtension dbaeumer.vscode-eslint {"startup":true,"extensionId":{"value":"dbaeumer.vscode-eslint","_lower":"dbaeumer.vscode-eslint"},"activationEvent":"*"}
[2020-04-03 21:26:06.282] [exthost] [info] ExtensionService#loadCommonJSModule file:///home/souryvath/.vscode/extensions/dbaeumer.vscode-eslint-2.1.2/client/out/extension
[2020-04-03 21:26:06.295] [exthost] [info] ExtensionService#_doActivateExtension EditorConfig.EditorConfig {"startup":true,"extensionId":{"value":"EditorConfig.EditorConfig","_lower":"editorconfig.editorconfig"},"activationEvent":"*"}
[2020-04-03 21:26:06.295] [exthost] [info] ExtensionService#loadCommonJSModule file:///home/souryvath/.vscode/extensions/editorconfig.editorconfig-0.14.4/out/editorConfigMain.js
[2020-04-03 21:26:06.313] [exthost] [info] ExtensionService#_doActivateExtension esbenp.prettier-vscode {"startup":true,"extensionId":{"value":"esbenp.prettier-vscode","_lower":"esbenp.prettier-vscode"},"activationEvent":"*"}
[2020-04-03 21:26:06.313] [exthost] [info] ExtensionService#loadCommonJSModule file:///home/souryvath/.vscode/extensions/esbenp.prettier-vscode-4.0.0/dist/extension
[2020-04-03 21:26:06.433] [exthost] [info] ExtensionService#_doActivateExtension johnpapa.vscode-peacock {"startup":true,"extensionId":{"value":"johnpapa.vscode-peacock","_lower":"johnpapa.vscode-peacock"},"activationEvent":"*"}
[2020-04-03 21:26:06.433] [exthost] [info] ExtensionService#loadCommonJSModule file:///home/souryvath/.vscode/extensions/johnpapa.vscode-peacock-3.6.0/dist/extension
[2020-04-03 21:26:06.438] [exthost] [info] ExtensionService#_doActivateExtension nrwl.angular-console {"startup":true,"extensionId":{"value":"nrwl.angular-console","_lower":"nrwl.angular-console"},"activationEvent":"*"}
[2020-04-03 21:26:06.438] [exthost] [info] ExtensionService#loadCommonJSModule file:///home/souryvath/.vscode/extensions/nrwl.angular-console-11.1.3/main.js
[2020-04-03 21:26:06.695] [exthost] [info] ExtensionService#_doActivateExtension PKief.material-icon-theme {"startup":true,"extensionId":{"value":"PKief.material-icon-theme","_lower":"pkief.material-icon-theme"},"activationEvent":"*"}
[2020-04-03 21:26:06.695] [exthost] [info] ExtensionService#loadCommonJSModule file:///home/souryvath/.vscode/extensions/pkief.material-icon-theme-4.0.1/dist/extension
[2020-04-03 21:26:06.705] [exthost] [info] eager extensions activated
[2020-04-03 21:26:29.182] [exthost] [info] extension host started
[2020-04-03 21:26:29.192] [exthost] [info] ExtensionService#_doActivateExtension vscode.debug-auto-launch {"startup":true,"extensionId":{"value":"vscode.debug-auto-launch","_lower":"vscode.debug-auto-launch"},"activationEvent":"*"}
[2020-04-03 21:26:29.192] [exthost] [info] ExtensionService#loadCommonJSModule file:///snap/code/28/usr/share/code/resources/app/extensions/debug-auto-launch/dist/extension
[2020-04-03 21:26:29.194] [exthost] [info] ExtensionService#_doActivateExtension vscode.emmet {"startup":true,"extensionId":{"value":"vscode.emmet","_lower":"vscode.emmet"},"activationEvent":"*"}
[2020-04-03 21:26:29.194] [exthost] [info] ExtensionService#loadCommonJSModule file:///snap/code/28/usr/share/code/resources/app/extensions/emmet/dist/extension
[2020-04-03 21:26:29.201] [exthost] [info] ExtensionService#_doActivateExtension vscode.git {"startup":true,"extensionId":{"value":"vscode.git","_lower":"vscode.git"},"activationEvent":"*"}
[2020-04-03 21:26:29.202] [exthost] [info] ExtensionService#loadCommonJSModule file:///snap/code/28/usr/share/code/resources/app/extensions/git/dist/main
[2020-04-03 21:26:29.214] [exthost] [info] ExtensionService#_doActivateExtension vscode.github-authentication {"startup":true,"extensionId":{"value":"vscode.github-authentication","_lower":"vscode.github-authentication"},"activationEvent":"*"}
[2020-04-03 21:26:29.214] [exthost] [info] ExtensionService#loadCommonJSModule file:///snap/code/28/usr/share/code/resources/app/extensions/github-authentication/dist/extension.js
[2020-04-03 21:26:29.215] [exthost] [info] ExtensionService#_doActivateExtension vscode.merge-conflict {"startup":true,"extensionId":{"value":"vscode.merge-conflict","_lower":"vscode.merge-conflict"},"activationEvent":"*"}
[2020-04-03 21:26:29.215] [exthost] [info] ExtensionService#loadCommonJSModule file:///snap/code/28/usr/share/code/resources/app/extensions/merge-conflict/dist/extension
[2020-04-03 21:26:29.217] [exthost] [info] ExtensionService#_doActivateExtension vscode.search-result {"startup":true,"extensionId":{"value":"vscode.search-result","_lower":"vscode.search-result"},"activationEvent":"*"}
[2020-04-03 21:26:29.217] [exthost] [info] ExtensionService#loadCommonJSModule file:///snap/code/28/usr/share/code/resources/app/extensions/search-result/dist/extension.js
[2020-04-03 21:26:29.218] [exthost] [info] ExtensionService#_doActivateExtension vscode.vscode-account {"startup":true,"extensionId":{"value":"vscode.vscode-account","_lower":"vscode.vscode-account"},"activationEvent":"*"}
[2020-04-03 21:26:29.218] [exthost] [info] ExtensionService#loadCommonJSModule file:///snap/code/28/usr/share/code/resources/app/extensions/vscode-account/dist/extension.js
[2020-04-03 21:26:29.219] [exthost] [info] ExtensionService#_doActivateExtension dbaeumer.vscode-eslint {"startup":true,"extensionId":{"value":"dbaeumer.vscode-eslint","_lower":"dbaeumer.vscode-eslint"},"activationEvent":"*"}
[2020-04-03 21:26:29.219] [exthost] [info] ExtensionService#loadCommonJSModule file:///home/souryvath/.vscode/extensions/dbaeumer.vscode-eslint-2.1.2/client/out/extension
[2020-04-03 21:26:29.223] [exthost] [info] ExtensionService#_doActivateExtension EditorConfig.EditorConfig {"startup":true,"extensionId":{"value":"EditorConfig.EditorConfig","_lower":"editorconfig.editorconfig"},"activationEvent":"*"}
[2020-04-03 21:26:29.223] [exthost] [info] ExtensionService#loadCommonJSModule file:///home/souryvath/.vscode/extensions/editorconfig.editorconfig-0.14.4/out/editorConfigMain.js
[2020-04-03 21:26:29.236] [exthost] [info] ExtensionService#_doActivateExtension esbenp.prettier-vscode {"startup":true,"extensionId":{"value":"esbenp.prettier-vscode","_lower":"esbenp.prettier-vscode"},"activationEvent":"*"}
[2020-04-03 21:26:29.236] [exthost] [info] ExtensionService#loadCommonJSModule file:///home/souryvath/.vscode/extensions/esbenp.prettier-vscode-4.0.0/dist/extension
[2020-04-03 21:26:29.300] [exthost] [info] ExtensionService#_doActivateExtension johnpapa.vscode-peacock {"startup":true,"extensionId":{"value":"johnpapa.vscode-peacock","_lower":"johnpapa.vscode-peacock"},"activationEvent":"*"}
[2020-04-03 21:26:29.300] [exthost] [info] ExtensionService#loadCommonJSModule file:///home/souryvath/.vscode/extensions/johnpapa.vscode-peacock-3.6.0/dist/extension
[2020-04-03 21:26:29.304] [exthost] [info] ExtensionService#_doActivateExtension nrwl.angular-console {"startup":true,"extensionId":{"value":"nrwl.angular-console","_lower":"nrwl.angular-console"},"activationEvent":"*"}
[2020-04-03 21:26:29.304] [exthost] [info] ExtensionService#loadCommonJSModule file:///home/souryvath/.vscode/extensions/nrwl.angular-console-11.1.3/main.js
[2020-04-03 21:26:29.395] [exthost] [info] ExtensionService#_doActivateExtension PKief.material-icon-theme {"startup":true,"extensionId":{"value":"PKief.material-icon-theme","_lower":"pkief.material-icon-theme"},"activationEvent":"*"}
[2020-04-03 21:26:29.395] [exthost] [info] ExtensionService#loadCommonJSModule file:///home/souryvath/.vscode/extensions/pkief.material-icon-theme-4.0.1/dist/extension
[2020-04-03 21:26:29.401] [exthost] [info] ExtensionService#_doActivateExtension vscode.npm {"startup":true,"extensionId":{"value":"vscode.npm","_lower":"vscode.npm"},"activationEvent":"workspaceContains:package.json"}
[2020-04-03 21:26:29.401] [exthost] [info] ExtensionService#loadCommonJSModule file:///snap/code/28/usr/share/code/resources/app/extensions/npm/dist/main
[2020-04-03 21:26:29.513] [exthost] [info] eager extensions activated
