[2020-04-03 21:26:39.730] [exthost] [info] extension host started
[2020-04-03 21:26:39.747] [exthost] [info] ExtensionService#_doActivateExtension vscode.debug-auto-launch {"startup":true,"extensionId":{"value":"vscode.debug-auto-launch","_lower":"vscode.debug-auto-launch"},"activationEvent":"*"}
[2020-04-03 21:26:39.747] [exthost] [info] ExtensionService#loadCommonJSModule file:///snap/code/28/usr/share/code/resources/app/extensions/debug-auto-launch/dist/extension
[2020-04-03 21:26:39.749] [exthost] [info] ExtensionService#_doActivateExtension vscode.emmet {"startup":true,"extensionId":{"value":"vscode.emmet","_lower":"vscode.emmet"},"activationEvent":"*"}
[2020-04-03 21:26:39.750] [exthost] [info] ExtensionService#loadCommonJSModule file:///snap/code/28/usr/share/code/resources/app/extensions/emmet/dist/extension
[2020-04-03 21:26:39.757] [exthost] [info] ExtensionService#_doActivateExtension vscode.git {"startup":true,"extensionId":{"value":"vscode.git","_lower":"vscode.git"},"activationEvent":"*"}
[2020-04-03 21:26:39.757] [exthost] [info] ExtensionService#loadCommonJSModule file:///snap/code/28/usr/share/code/resources/app/extensions/git/dist/main
[2020-04-03 21:26:39.769] [exthost] [info] ExtensionService#_doActivateExtension vscode.github-authentication {"startup":true,"extensionId":{"value":"vscode.github-authentication","_lower":"vscode.github-authentication"},"activationEvent":"*"}
[2020-04-03 21:26:39.770] [exthost] [info] ExtensionService#loadCommonJSModule file:///snap/code/28/usr/share/code/resources/app/extensions/github-authentication/dist/extension.js
[2020-04-03 21:26:39.771] [exthost] [info] ExtensionService#_doActivateExtension vscode.merge-conflict {"startup":true,"extensionId":{"value":"vscode.merge-conflict","_lower":"vscode.merge-conflict"},"activationEvent":"*"}
[2020-04-03 21:26:39.771] [exthost] [info] ExtensionService#loadCommonJSModule file:///snap/code/28/usr/share/code/resources/app/extensions/merge-conflict/dist/extension
[2020-04-03 21:26:39.773] [exthost] [info] ExtensionService#_doActivateExtension vscode.search-result {"startup":true,"extensionId":{"value":"vscode.search-result","_lower":"vscode.search-result"},"activationEvent":"*"}
[2020-04-03 21:26:39.773] [exthost] [info] ExtensionService#loadCommonJSModule file:///snap/code/28/usr/share/code/resources/app/extensions/search-result/dist/extension.js
[2020-04-03 21:26:39.774] [exthost] [info] ExtensionService#_doActivateExtension vscode.vscode-account {"startup":true,"extensionId":{"value":"vscode.vscode-account","_lower":"vscode.vscode-account"},"activationEvent":"*"}
[2020-04-03 21:26:39.774] [exthost] [info] ExtensionService#loadCommonJSModule file:///snap/code/28/usr/share/code/resources/app/extensions/vscode-account/dist/extension.js
[2020-04-03 21:26:39.775] [exthost] [info] ExtensionService#_doActivateExtension dbaeumer.vscode-eslint {"startup":true,"extensionId":{"value":"dbaeumer.vscode-eslint","_lower":"dbaeumer.vscode-eslint"},"activationEvent":"*"}
[2020-04-03 21:26:39.775] [exthost] [info] ExtensionService#loadCommonJSModule file:///home/souryvath/.vscode/extensions/dbaeumer.vscode-eslint-2.1.2/client/out/extension
[2020-04-03 21:26:39.780] [exthost] [info] ExtensionService#_doActivateExtension EditorConfig.EditorConfig {"startup":true,"extensionId":{"value":"EditorConfig.EditorConfig","_lower":"editorconfig.editorconfig"},"activationEvent":"*"}
[2020-04-03 21:26:39.780] [exthost] [info] ExtensionService#loadCommonJSModule file:///home/souryvath/.vscode/extensions/editorconfig.editorconfig-0.14.4/out/editorConfigMain.js
[2020-04-03 21:26:39.792] [exthost] [info] ExtensionService#_doActivateExtension esbenp.prettier-vscode {"startup":true,"extensionId":{"value":"esbenp.prettier-vscode","_lower":"esbenp.prettier-vscode"},"activationEvent":"*"}
[2020-04-03 21:26:39.793] [exthost] [info] ExtensionService#loadCommonJSModule file:///home/souryvath/.vscode/extensions/esbenp.prettier-vscode-4.0.0/dist/extension
[2020-04-03 21:26:39.853] [exthost] [info] ExtensionService#_doActivateExtension johnpapa.vscode-peacock {"startup":true,"extensionId":{"value":"johnpapa.vscode-peacock","_lower":"johnpapa.vscode-peacock"},"activationEvent":"*"}
[2020-04-03 21:26:39.853] [exthost] [info] ExtensionService#loadCommonJSModule file:///home/souryvath/.vscode/extensions/johnpapa.vscode-peacock-3.6.0/dist/extension
[2020-04-03 21:26:39.856] [exthost] [info] ExtensionService#_doActivateExtension nrwl.angular-console {"startup":true,"extensionId":{"value":"nrwl.angular-console","_lower":"nrwl.angular-console"},"activationEvent":"*"}
[2020-04-03 21:26:39.856] [exthost] [info] ExtensionService#loadCommonJSModule file:///home/souryvath/.vscode/extensions/nrwl.angular-console-11.1.3/main.js
[2020-04-03 21:26:39.945] [exthost] [info] ExtensionService#_doActivateExtension PKief.material-icon-theme {"startup":true,"extensionId":{"value":"PKief.material-icon-theme","_lower":"pkief.material-icon-theme"},"activationEvent":"*"}
[2020-04-03 21:26:39.945] [exthost] [info] ExtensionService#loadCommonJSModule file:///home/souryvath/.vscode/extensions/pkief.material-icon-theme-4.0.1/dist/extension
[2020-04-03 21:26:39.952] [exthost] [info] ExtensionService#_doActivateExtension vscode.npm {"startup":true,"extensionId":{"value":"vscode.npm","_lower":"vscode.npm"},"activationEvent":"workspaceContains:package.json"}
[2020-04-03 21:26:39.952] [exthost] [info] ExtensionService#loadCommonJSModule file:///snap/code/28/usr/share/code/resources/app/extensions/npm/dist/main
[2020-04-03 21:26:40.035] [exthost] [info] eager extensions activated
[2020-04-03 21:26:58.425] [exthost] [info] extension host started
[2020-04-03 21:26:58.462] [exthost] [info] ExtensionService#_doActivateExtension vscode.debug-auto-launch {"startup":true,"extensionId":{"value":"vscode.debug-auto-launch","_lower":"vscode.debug-auto-launch"},"activationEvent":"*"}
[2020-04-03 21:26:58.462] [exthost] [info] ExtensionService#loadCommonJSModule file:///snap/code/28/usr/share/code/resources/app/extensions/debug-auto-launch/dist/extension
[2020-04-03 21:26:58.464] [exthost] [info] ExtensionService#_doActivateExtension vscode.emmet {"startup":true,"extensionId":{"value":"vscode.emmet","_lower":"vscode.emmet"},"activationEvent":"*"}
[2020-04-03 21:26:58.465] [exthost] [info] ExtensionService#loadCommonJSModule file:///snap/code/28/usr/share/code/resources/app/extensions/emmet/dist/extension
[2020-04-03 21:26:58.472] [exthost] [info] ExtensionService#_doActivateExtension vscode.git {"startup":true,"extensionId":{"value":"vscode.git","_lower":"vscode.git"},"activationEvent":"*"}
[2020-04-03 21:26:58.472] [exthost] [info] ExtensionService#loadCommonJSModule file:///snap/code/28/usr/share/code/resources/app/extensions/git/dist/main
[2020-04-03 21:26:58.485] [exthost] [info] ExtensionService#_doActivateExtension vscode.github-authentication {"startup":true,"extensionId":{"value":"vscode.github-authentication","_lower":"vscode.github-authentication"},"activationEvent":"*"}
[2020-04-03 21:26:58.485] [exthost] [info] ExtensionService#loadCommonJSModule file:///snap/code/28/usr/share/code/resources/app/extensions/github-authentication/dist/extension.js
[2020-04-03 21:26:58.486] [exthost] [info] ExtensionService#_doActivateExtension vscode.merge-conflict {"startup":true,"extensionId":{"value":"vscode.merge-conflict","_lower":"vscode.merge-conflict"},"activationEvent":"*"}
[2020-04-03 21:26:58.487] [exthost] [info] ExtensionService#loadCommonJSModule file:///snap/code/28/usr/share/code/resources/app/extensions/merge-conflict/dist/extension
[2020-04-03 21:26:58.488] [exthost] [info] ExtensionService#_doActivateExtension vscode.search-result {"startup":true,"extensionId":{"value":"vscode.search-result","_lower":"vscode.search-result"},"activationEvent":"*"}
[2020-04-03 21:26:58.488] [exthost] [info] ExtensionService#loadCommonJSModule file:///snap/code/28/usr/share/code/resources/app/extensions/search-result/dist/extension.js
[2020-04-03 21:26:58.489] [exthost] [info] ExtensionService#_doActivateExtension vscode.vscode-account {"startup":true,"extensionId":{"value":"vscode.vscode-account","_lower":"vscode.vscode-account"},"activationEvent":"*"}
[2020-04-03 21:26:58.489] [exthost] [info] ExtensionService#loadCommonJSModule file:///snap/code/28/usr/share/code/resources/app/extensions/vscode-account/dist/extension.js
[2020-04-03 21:26:58.491] [exthost] [info] ExtensionService#_doActivateExtension dbaeumer.vscode-eslint {"startup":true,"extensionId":{"value":"dbaeumer.vscode-eslint","_lower":"dbaeumer.vscode-eslint"},"activationEvent":"*"}
[2020-04-03 21:26:58.491] [exthost] [info] ExtensionService#loadCommonJSModule file:///home/souryvath/.vscode/extensions/dbaeumer.vscode-eslint-2.1.2/client/out/extension
[2020-04-03 21:26:58.495] [exthost] [info] ExtensionService#_doActivateExtension EditorConfig.EditorConfig {"startup":true,"extensionId":{"value":"EditorConfig.EditorConfig","_lower":"editorconfig.editorconfig"},"activationEvent":"*"}
[2020-04-03 21:26:58.495] [exthost] [info] ExtensionService#loadCommonJSModule file:///home/souryvath/.vscode/extensions/editorconfig.editorconfig-0.14.4/out/editorConfigMain.js
[2020-04-03 21:26:58.508] [exthost] [info] ExtensionService#_doActivateExtension esbenp.prettier-vscode {"startup":true,"extensionId":{"value":"esbenp.prettier-vscode","_lower":"esbenp.prettier-vscode"},"activationEvent":"*"}
[2020-04-03 21:26:58.508] [exthost] [info] ExtensionService#loadCommonJSModule file:///home/souryvath/.vscode/extensions/esbenp.prettier-vscode-4.0.0/dist/extension
[2020-04-03 21:26:58.574] [exthost] [info] ExtensionService#_doActivateExtension johnpapa.vscode-peacock {"startup":true,"extensionId":{"value":"johnpapa.vscode-peacock","_lower":"johnpapa.vscode-peacock"},"activationEvent":"*"}
[2020-04-03 21:26:58.574] [exthost] [info] ExtensionService#loadCommonJSModule file:///home/souryvath/.vscode/extensions/johnpapa.vscode-peacock-3.6.0/dist/extension
[2020-04-03 21:26:58.577] [exthost] [info] ExtensionService#_doActivateExtension nrwl.angular-console {"startup":true,"extensionId":{"value":"nrwl.angular-console","_lower":"nrwl.angular-console"},"activationEvent":"*"}
[2020-04-03 21:26:58.577] [exthost] [info] ExtensionService#loadCommonJSModule file:///home/souryvath/.vscode/extensions/nrwl.angular-console-11.1.3/main.js
[2020-04-03 21:26:58.677] [exthost] [info] ExtensionService#_doActivateExtension PKief.material-icon-theme {"startup":true,"extensionId":{"value":"PKief.material-icon-theme","_lower":"pkief.material-icon-theme"},"activationEvent":"*"}
[2020-04-03 21:26:58.677] [exthost] [info] ExtensionService#loadCommonJSModule file:///home/souryvath/.vscode/extensions/pkief.material-icon-theme-4.0.1/dist/extension
[2020-04-03 21:26:58.684] [exthost] [info] ExtensionService#_doActivateExtension vscode.npm {"startup":true,"extensionId":{"value":"vscode.npm","_lower":"vscode.npm"},"activationEvent":"workspaceContains:package.json"}
[2020-04-03 21:26:58.684] [exthost] [info] ExtensionService#loadCommonJSModule file:///snap/code/28/usr/share/code/resources/app/extensions/npm/dist/main
[2020-04-03 21:26:58.766] [exthost] [info] eager extensions activated
[2020-04-03 21:27:12.738] [exthost] [info] ExtensionService#_doActivateExtension vscode.typescript-language-features {"startup":false,"extensionId":{"value":"vscode.typescript-language-features","_lower":"vscode.typescript-language-features"},"activationEvent":"onLanguage:javascript"}
[2020-04-03 21:27:12.738] [exthost] [info] ExtensionService#loadCommonJSModule file:///snap/code/28/usr/share/code/resources/app/extensions/typescript-language-features/dist/extension
[2020-04-03 21:27:22.829] [exthost] [info] [vscode.typescript-language-features] UNSAVE result from 'resolveCompletionItem', extension SHOULD NOT change any of: additionalTextEdits, or command
[2020-04-03 21:27:30.354] [exthost] [info] ExtensionService#_doActivateExtension vscode.extension-editing {"startup":false,"extensionId":{"value":"vscode.extension-editing","_lower":"vscode.extension-editing"},"activationEvent":"onLanguage:typescript"}
[2020-04-03 21:27:30.354] [exthost] [info] ExtensionService#loadCommonJSModule file:///snap/code/28/usr/share/code/resources/app/extensions/extension-editing/dist/extension
[2020-04-03 21:27:30.367] [exthost] [info] ExtensionService#_doActivateExtension Angular.ng-template {"startup":false,"extensionId":{"value":"Angular.ng-template","_lower":"angular.ng-template"},"activationEvent":"onLanguage:typescript"}
[2020-04-03 21:27:30.367] [exthost] [info] ExtensionService#loadCommonJSModule file:///home/souryvath/.vscode/extensions/angular.ng-template-0.901.0/client
[2020-04-03 21:27:30.666] [exthost] [info] ExtensionService#_doActivateExtension steoates.autoimport {"startup":false,"extensionId":{"value":"steoates.autoimport","_lower":"steoates.autoimport"},"activationEvent":"onLanguage:typescript"}
[2020-04-03 21:27:30.666] [exthost] [info] ExtensionService#loadCommonJSModule file:///home/souryvath/.vscode/extensions/steoates.autoimport-1.5.3/out/src/extension
[2020-04-03 21:29:16.608] [exthost] [error] [vscode.typescript-language-features] provider FAILED
[2020-04-03 21:29:16.609] [exthost] [error] Error: busy
	at o._provideSemanticTokens (/snap/code/28/usr/share/code/resources/app/extensions/typescript-language-features/dist/extension.js:1:180337)
[2020-04-03 21:30:56.426] [exthost] [error] [vscode.typescript-language-features] provider FAILED
[2020-04-03 21:30:56.426] [exthost] [error] Error: busy
	at o._provideSemanticTokens (/snap/code/28/usr/share/code/resources/app/extensions/typescript-language-features/dist/extension.js:1:180337)
[2020-04-03 21:31:14.265] [exthost] [error] [vscode.typescript-language-features] provider FAILED
[2020-04-03 21:31:14.265] [exthost] [error] Error: busy
	at o._provideSemanticTokens (/snap/code/28/usr/share/code/resources/app/extensions/typescript-language-features/dist/extension.js:1:180337)
[2020-04-03 21:34:07.408] [exthost] [error] [vscode.typescript-language-features] provider FAILED
[2020-04-03 21:34:07.409] [exthost] [error] Error: busy
	at o._provideSemanticTokens (/snap/code/28/usr/share/code/resources/app/extensions/typescript-language-features/dist/extension.js:1:180337)
[2020-04-03 21:34:07.713] [exthost] [error] [vscode.typescript-language-features] provider FAILED
[2020-04-03 21:34:07.713] [exthost] [error] Error: busy
	at o._provideSemanticTokens (/snap/code/28/usr/share/code/resources/app/extensions/typescript-language-features/dist/extension.js:1:180337)
[2020-04-03 21:34:12.441] [exthost] [error] [vscode.typescript-language-features] provider FAILED
[2020-04-03 21:34:12.441] [exthost] [error] Error: busy
	at o._provideSemanticTokens (/snap/code/28/usr/share/code/resources/app/extensions/typescript-language-features/dist/extension.js:1:180337)
[2020-04-03 21:34:21.551] [exthost] [error] [vscode.typescript-language-features] provider FAILED
[2020-04-03 21:34:21.551] [exthost] [error] Error: busy
	at o._provideSemanticTokens (/snap/code/28/usr/share/code/resources/app/extensions/typescript-language-features/dist/extension.js:1:180337)
[2020-04-03 21:34:21.848] [exthost] [error] [vscode.typescript-language-features] provider FAILED
[2020-04-03 21:34:21.848] [exthost] [error] Error: busy
	at o._provideSemanticTokens (/snap/code/28/usr/share/code/resources/app/extensions/typescript-language-features/dist/extension.js:1:180337)
[2020-04-03 21:34:26.536] [exthost] [error] [vscode.typescript-language-features] provider FAILED
[2020-04-03 21:34:26.536] [exthost] [error] Error: busy
	at o._provideSemanticTokens (/snap/code/28/usr/share/code/resources/app/extensions/typescript-language-features/dist/extension.js:1:180337)
[2020-04-03 21:34:26.845] [exthost] [error] [vscode.typescript-language-features] provider FAILED
[2020-04-03 21:34:26.845] [exthost] [error] Error: busy
	at o._provideSemanticTokens (/snap/code/28/usr/share/code/resources/app/extensions/typescript-language-features/dist/extension.js:1:180337)
[2020-04-03 21:34:27.168] [exthost] [error] [vscode.typescript-language-features] provider FAILED
[2020-04-03 21:34:27.168] [exthost] [error] Error: busy
	at o._provideSemanticTokens (/snap/code/28/usr/share/code/resources/app/extensions/typescript-language-features/dist/extension.js:1:180337)
[2020-04-03 21:34:32.793] [exthost] [error] [vscode.typescript-language-features] provider FAILED
[2020-04-03 21:34:32.793] [exthost] [error] Error: busy
	at o._provideSemanticTokens (/snap/code/28/usr/share/code/resources/app/extensions/typescript-language-features/dist/extension.js:1:180337)
[2020-04-03 21:35:13.175] [exthost] [error] [vscode.typescript-language-features] provider FAILED
[2020-04-03 21:35:13.181] [exthost] [error] Error: busy
	at o._provideSemanticTokens (/snap/code/28/usr/share/code/resources/app/extensions/typescript-language-features/dist/extension.js:1:180337)
[2020-04-03 21:36:55.288] [exthost] [error] [vscode.typescript-language-features] provider FAILED
[2020-04-03 21:36:55.288] [exthost] [error] Error: busy
	at o._provideSemanticTokens (/snap/code/28/usr/share/code/resources/app/extensions/typescript-language-features/dist/extension.js:1:180337)
[2020-04-03 21:37:40.478] [exthost] [info] ExtensionService#_doActivateExtension vscode.configuration-editing {"startup":false,"extensionId":{"value":"vscode.configuration-editing","_lower":"vscode.configuration-editing"},"activationEvent":"onLanguage:jsonc"}
[2020-04-03 21:37:40.478] [exthost] [info] ExtensionService#loadCommonJSModule file:///snap/code/28/usr/share/code/resources/app/extensions/configuration-editing/dist/extension
[2020-04-03 21:37:40.487] [exthost] [info] ExtensionService#_doActivateExtension vscode.json-language-features {"startup":false,"extensionId":{"value":"vscode.json-language-features","_lower":"vscode.json-language-features"},"activationEvent":"onLanguage:jsonc"}
[2020-04-03 21:37:40.492] [exthost] [info] ExtensionService#loadCommonJSModule file:///snap/code/28/usr/share/code/resources/app/extensions/json-language-features/client/dist/jsonMain
[2020-04-03 21:38:47.007] [exthost] [error] [vscode.typescript-language-features] provider FAILED
[2020-04-03 21:38:47.007] [exthost] [error] Error: busy
	at o._provideSemanticTokens (/snap/code/28/usr/share/code/resources/app/extensions/typescript-language-features/dist/extension.js:1:180337)
[2020-04-03 21:39:02.050] [exthost] [error] [vscode.typescript-language-features] provider FAILED
[2020-04-03 21:39:02.050] [exthost] [error] Error: busy
	at o._provideSemanticTokens (/snap/code/28/usr/share/code/resources/app/extensions/typescript-language-features/dist/extension.js:1:180337)
[2020-04-03 21:39:04.369] [exthost] [error] [vscode.typescript-language-features] provider FAILED
[2020-04-03 21:39:04.369] [exthost] [error] Error: busy
	at o._provideSemanticTokens (/snap/code/28/usr/share/code/resources/app/extensions/typescript-language-features/dist/extension.js:1:180337)
[2020-04-03 21:39:30.380] [exthost] [error] [vscode.typescript-language-features] provider FAILED
[2020-04-03 21:39:30.381] [exthost] [error] Error: busy
	at o._provideSemanticTokens (/snap/code/28/usr/share/code/resources/app/extensions/typescript-language-features/dist/extension.js:1:180337)
[2020-04-03 21:39:38.813] [exthost] [error] [vscode.typescript-language-features] provider FAILED
[2020-04-03 21:39:38.813] [exthost] [error] Error: busy
	at o._provideSemanticTokens (/snap/code/28/usr/share/code/resources/app/extensions/typescript-language-features/dist/extension.js:1:180337)
[2020-04-03 21:39:40.497] [exthost] [error] [vscode.typescript-language-features] provider FAILED
[2020-04-03 21:39:40.497] [exthost] [error] Error: busy
	at o._provideSemanticTokens (/snap/code/28/usr/share/code/resources/app/extensions/typescript-language-features/dist/extension.js:1:180337)
[2020-04-03 21:39:42.504] [exthost] [error] [vscode.typescript-language-features] provider FAILED
[2020-04-03 21:39:42.504] [exthost] [error] Error: busy
	at o._provideSemanticTokens (/snap/code/28/usr/share/code/resources/app/extensions/typescript-language-features/dist/extension.js:1:180337)
[2020-04-03 21:39:47.512] [exthost] [error] [vscode.typescript-language-features] provider FAILED
[2020-04-03 21:39:47.512] [exthost] [error] Error: busy
	at o._provideSemanticTokens (/snap/code/28/usr/share/code/resources/app/extensions/typescript-language-features/dist/extension.js:1:180337)
[2020-04-03 21:39:47.863] [exthost] [error] [vscode.typescript-language-features] provider FAILED
[2020-04-03 21:39:47.863] [exthost] [error] Error: busy
	at o._provideSemanticTokens (/snap/code/28/usr/share/code/resources/app/extensions/typescript-language-features/dist/extension.js:1:180337)
[2020-04-03 21:39:57.921] [exthost] [error] [vscode.typescript-language-features] provider FAILED
[2020-04-03 21:39:57.921] [exthost] [error] Error: busy
	at o._provideSemanticTokens (/snap/code/28/usr/share/code/resources/app/extensions/typescript-language-features/dist/extension.js:1:180337)
[2020-04-03 21:39:58.222] [exthost] [error] [vscode.typescript-language-features] provider FAILED
[2020-04-03 21:39:58.222] [exthost] [error] Error: busy
	at o._provideSemanticTokens (/snap/code/28/usr/share/code/resources/app/extensions/typescript-language-features/dist/extension.js:1:180337)
[2020-04-03 21:40:02.347] [exthost] [error] [vscode.typescript-language-features] provider FAILED
[2020-04-03 21:40:02.347] [exthost] [error] Error: busy
	at o._provideSemanticTokens (/snap/code/28/usr/share/code/resources/app/extensions/typescript-language-features/dist/extension.js:1:180337)
[2020-04-03 21:40:16.234] [exthost] [error] [vscode.typescript-language-features] provider FAILED
[2020-04-03 21:40:16.234] [exthost] [error] Error: busy
	at o._provideSemanticTokens (/snap/code/28/usr/share/code/resources/app/extensions/typescript-language-features/dist/extension.js:1:180337)
[2020-04-03 21:40:49.911] [exthost] [error] [vscode.typescript-language-features] provider FAILED
[2020-04-03 21:40:49.911] [exthost] [error] Error: busy
	at o._provideSemanticTokens (/snap/code/28/usr/share/code/resources/app/extensions/typescript-language-features/dist/extension.js:1:180337)
[2020-04-03 21:40:50.229] [exthost] [error] [vscode.typescript-language-features] provider FAILED
[2020-04-03 21:40:50.229] [exthost] [error] Error: busy
	at o._provideSemanticTokens (/snap/code/28/usr/share/code/resources/app/extensions/typescript-language-features/dist/extension.js:1:180337)
[2020-04-03 21:40:50.971] [exthost] [error] [vscode.typescript-language-features] provider FAILED
[2020-04-03 21:40:50.971] [exthost] [error] Error: busy
	at o._provideSemanticTokens (/snap/code/28/usr/share/code/resources/app/extensions/typescript-language-features/dist/extension.js:1:180337)
[2020-04-03 21:40:51.781] [exthost] [error] [vscode.typescript-language-features] provider FAILED
[2020-04-03 21:40:51.781] [exthost] [error] Error: busy
	at o._provideSemanticTokens (/snap/code/28/usr/share/code/resources/app/extensions/typescript-language-features/dist/extension.js:1:180337)
[2020-04-03 21:40:59.479] [exthost] [error] [vscode.typescript-language-features] provider FAILED
[2020-04-03 21:40:59.479] [exthost] [error] Error: busy
	at o._provideSemanticTokens (/snap/code/28/usr/share/code/resources/app/extensions/typescript-language-features/dist/extension.js:1:180337)
[2020-04-03 21:43:44.929] [exthost] [error] [vscode.typescript-language-features] provider FAILED
[2020-04-03 21:43:44.929] [exthost] [error] Error: busy
	at o._provideSemanticTokens (/snap/code/28/usr/share/code/resources/app/extensions/typescript-language-features/dist/extension.js:1:180337)
[2020-04-03 21:51:38.109] [exthost] [error] [vscode.typescript-language-features] provider FAILED
[2020-04-03 21:51:38.110] [exthost] [error] Error: busy
	at o._provideSemanticTokens (/snap/code/28/usr/share/code/resources/app/extensions/typescript-language-features/dist/extension.js:1:180337)
[2020-04-03 21:51:38.696] [exthost] [error] [vscode.typescript-language-features] provider FAILED
[2020-04-03 21:51:38.697] [exthost] [error] Error: DisposableStore is missing...
	at F._convertCompletionItem (/snap/code/28/usr/share/code/resources/app/out/vs/workbench/services/extensions/node/extensionHostProcess.js:596:373)
	at /snap/code/28/usr/share/code/resources/app/out/vs/workbench/services/extensions/node/extensionHostProcess.js:596:151
[2020-04-03 21:51:38.999] [exthost] [error] [vscode.typescript-language-features] provider FAILED
[2020-04-03 21:51:38.999] [exthost] [error] Error: busy
	at o._provideSemanticTokens (/snap/code/28/usr/share/code/resources/app/extensions/typescript-language-features/dist/extension.js:1:180337)
[2020-04-03 21:51:39.168] [exthost] [error] [vscode.typescript-language-features] provider FAILED
[2020-04-03 21:51:39.168] [exthost] [error] Error: DisposableStore is missing...
	at F._convertCompletionItem (/snap/code/28/usr/share/code/resources/app/out/vs/workbench/services/extensions/node/extensionHostProcess.js:596:373)
	at /snap/code/28/usr/share/code/resources/app/out/vs/workbench/services/extensions/node/extensionHostProcess.js:596:151
[2020-04-03 21:51:39.577] [exthost] [error] [vscode.typescript-language-features] provider FAILED
[2020-04-03 21:51:39.577] [exthost] [error] Error: busy
	at o._provideSemanticTokens (/snap/code/28/usr/share/code/resources/app/extensions/typescript-language-features/dist/extension.js:1:180337)
[2020-04-03 21:51:40.291] [exthost] [error] [vscode.typescript-language-features] provider FAILED
[2020-04-03 21:51:40.291] [exthost] [error] Error: busy
	at o._provideSemanticTokens (/snap/code/28/usr/share/code/resources/app/extensions/typescript-language-features/dist/extension.js:1:180337)
[2020-04-03 21:51:40.413] [exthost] [info] [vscode.typescript-language-features] UNSAVE result from 'resolveCompletionItem', extension SHOULD NOT change any of: additionalTextEdits, or command
[2020-04-03 21:51:40.711] [exthost] [error] [vscode.typescript-language-features] provider FAILED
[2020-04-03 21:51:40.711] [exthost] [error] Error: busy
	at o._provideSemanticTokens (/snap/code/28/usr/share/code/resources/app/extensions/typescript-language-features/dist/extension.js:1:180337)
[2020-04-03 21:51:41.270] [exthost] [error] [vscode.typescript-language-features] provider FAILED
[2020-04-03 21:51:41.270] [exthost] [error] Error: busy
	at o._provideSemanticTokens (/snap/code/28/usr/share/code/resources/app/extensions/typescript-language-features/dist/extension.js:1:180337)
[2020-04-03 21:51:41.927] [exthost] [error] [vscode.typescript-language-features] provider FAILED
[2020-04-03 21:51:41.927] [exthost] [error] Error: busy
	at o._provideSemanticTokens (/snap/code/28/usr/share/code/resources/app/extensions/typescript-language-features/dist/extension.js:1:180337)
[2020-04-03 21:52:30.901] [exthost] [error] [vscode.typescript-language-features] provider FAILED
[2020-04-03 21:52:30.901] [exthost] [error] Error: busy
	at o._provideSemanticTokens (/snap/code/28/usr/share/code/resources/app/extensions/typescript-language-features/dist/extension.js:1:180337)
[2020-04-03 21:52:31.550] [exthost] [error] [vscode.typescript-language-features] provider FAILED
[2020-04-03 21:52:31.550] [exthost] [error] Error: busy
	at o._provideSemanticTokens (/snap/code/28/usr/share/code/resources/app/extensions/typescript-language-features/dist/extension.js:1:180337)
[2020-04-03 21:52:32.023] [exthost] [error] [vscode.typescript-language-features] provider FAILED
[2020-04-03 21:52:32.023] [exthost] [error] Error: busy
	at o._provideSemanticTokens (/snap/code/28/usr/share/code/resources/app/extensions/typescript-language-features/dist/extension.js:1:180337)
[2020-04-03 21:52:33.177] [exthost] [error] [vscode.typescript-language-features] provider FAILED
[2020-04-03 21:52:33.177] [exthost] [error] Error: busy
	at o._provideSemanticTokens (/snap/code/28/usr/share/code/resources/app/extensions/typescript-language-features/dist/extension.js:1:180337)
[2020-04-03 21:52:33.953] [exthost] [error] [vscode.typescript-language-features] provider FAILED
[2020-04-03 21:52:33.953] [exthost] [error] Error: busy
	at o._provideSemanticTokens (/snap/code/28/usr/share/code/resources/app/extensions/typescript-language-features/dist/extension.js:1:180337)
[2020-04-03 21:52:34.297] [exthost] [error] [vscode.typescript-language-features] provider FAILED
[2020-04-03 21:52:34.297] [exthost] [error] Error: DisposableStore is missing...
	at F._convertCompletionItem (/snap/code/28/usr/share/code/resources/app/out/vs/workbench/services/extensions/node/extensionHostProcess.js:596:373)
	at /snap/code/28/usr/share/code/resources/app/out/vs/workbench/services/extensions/node/extensionHostProcess.js:596:151
[2020-04-03 21:52:34.390] [exthost] [error] [vscode.typescript-language-features] provider FAILED
[2020-04-03 21:52:34.390] [exthost] [error] Error: busy
	at o._provideSemanticTokens (/snap/code/28/usr/share/code/resources/app/extensions/typescript-language-features/dist/extension.js:1:180337)
[2020-04-03 21:52:34.850] [exthost] [error] [vscode.typescript-language-features] provider FAILED
[2020-04-03 21:52:34.850] [exthost] [error] Error: busy
	at o._provideSemanticTokens (/snap/code/28/usr/share/code/resources/app/extensions/typescript-language-features/dist/extension.js:1:180337)
[2020-04-03 21:52:36.184] [exthost] [error] [vscode.typescript-language-features] provider FAILED
[2020-04-03 21:52:36.184] [exthost] [error] Error: busy
	at o._provideSemanticTokens (/snap/code/28/usr/share/code/resources/app/extensions/typescript-language-features/dist/extension.js:1:180337)
[2020-04-03 21:52:39.058] [exthost] [error] [vscode.typescript-language-features] provider FAILED
[2020-04-03 21:52:39.058] [exthost] [error] Error: busy
	at o._provideSemanticTokens (/snap/code/28/usr/share/code/resources/app/extensions/typescript-language-features/dist/extension.js:1:180337)
[2020-04-03 21:52:39.570] [exthost] [error] [vscode.typescript-language-features] provider FAILED
[2020-04-03 21:52:39.570] [exthost] [error] Error: busy
	at o._provideSemanticTokens (/snap/code/28/usr/share/code/resources/app/extensions/typescript-language-features/dist/extension.js:1:180337)
[2020-04-03 21:52:44.686] [exthost] [error] [vscode.typescript-language-features] provider FAILED
[2020-04-03 21:52:44.686] [exthost] [error] Error: busy
	at o._provideSemanticTokens (/snap/code/28/usr/share/code/resources/app/extensions/typescript-language-features/dist/extension.js:1:180337)
[2020-04-03 21:52:45.060] [exthost] [error] [vscode.typescript-language-features] provider FAILED
[2020-04-03 21:52:45.060] [exthost] [error] Error: busy
	at o._provideSemanticTokens (/snap/code/28/usr/share/code/resources/app/extensions/typescript-language-features/dist/extension.js:1:180337)
[2020-04-03 21:52:45.900] [exthost] [error] [vscode.typescript-language-features] provider FAILED
[2020-04-03 21:52:45.900] [exthost] [error] Error: busy
	at o._provideSemanticTokens (/snap/code/28/usr/share/code/resources/app/extensions/typescript-language-features/dist/extension.js:1:180337)
[2020-04-03 21:52:51.942] [exthost] [error] [vscode.typescript-language-features] provider FAILED
[2020-04-03 21:52:51.942] [exthost] [error] Error: busy
	at o._provideSemanticTokens (/snap/code/28/usr/share/code/resources/app/extensions/typescript-language-features/dist/extension.js:1:180337)
[2020-04-03 21:53:21.279] [exthost] [error] [vscode.typescript-language-features] provider FAILED
[2020-04-03 21:53:21.280] [exthost] [error] Error: busy
	at o._provideSemanticTokens (/snap/code/28/usr/share/code/resources/app/extensions/typescript-language-features/dist/extension.js:1:180337)
[2020-04-03 21:53:23.034] [exthost] [error] [vscode.typescript-language-features] provider FAILED
[2020-04-03 21:53:23.034] [exthost] [error] Error: busy
	at o._provideSemanticTokens (/snap/code/28/usr/share/code/resources/app/extensions/typescript-language-features/dist/extension.js:1:180337)
[2020-04-03 21:53:34.827] [exthost] [info] ExtensionService#_doActivateExtension vscode.html-language-features {"startup":false,"extensionId":{"value":"vscode.html-language-features","_lower":"vscode.html-language-features"},"activationEvent":"onLanguage:html"}
[2020-04-03 21:53:34.828] [exthost] [info] ExtensionService#loadCommonJSModule file:///snap/code/28/usr/share/code/resources/app/extensions/html-language-features/client/dist/htmlMain
[2020-04-03 21:53:44.172] [exthost] [error] [vscode.typescript-language-features] provider FAILED
[2020-04-03 21:53:44.172] [exthost] [error] Error: busy
	at o._provideSemanticTokens (/snap/code/28/usr/share/code/resources/app/extensions/typescript-language-features/dist/extension.js:1:180337)
[2020-04-03 21:53:45.272] [exthost] [error] [vscode.typescript-language-features] provider FAILED
[2020-04-03 21:53:45.272] [exthost] [error] Error: busy
	at o._provideSemanticTokens (/snap/code/28/usr/share/code/resources/app/extensions/typescript-language-features/dist/extension.js:1:180337)
[2020-04-03 21:53:45.958] [exthost] [error] [vscode.typescript-language-features] provider FAILED
[2020-04-03 21:53:45.958] [exthost] [error] Error: busy
	at o._provideSemanticTokens (/snap/code/28/usr/share/code/resources/app/extensions/typescript-language-features/dist/extension.js:1:180337)
[2020-04-03 21:53:46.485] [exthost] [error] [vscode.typescript-language-features] provider FAILED
[2020-04-03 21:53:46.485] [exthost] [error] Error: busy
	at o._provideSemanticTokens (/snap/code/28/usr/share/code/resources/app/extensions/typescript-language-features/dist/extension.js:1:180337)
[2020-04-03 21:53:46.915] [exthost] [error] [vscode.typescript-language-features] provider FAILED
[2020-04-03 21:53:46.916] [exthost] [error] Error: busy
	at o._provideSemanticTokens (/snap/code/28/usr/share/code/resources/app/extensions/typescript-language-features/dist/extension.js:1:180337)
[2020-04-03 21:53:47.691] [exthost] [error] [vscode.typescript-language-features] provider FAILED
[2020-04-03 21:53:47.691] [exthost] [error] Error: busy
	at o._provideSemanticTokens (/snap/code/28/usr/share/code/resources/app/extensions/typescript-language-features/dist/extension.js:1:180337)
[2020-04-03 21:53:48.070] [exthost] [error] [vscode.typescript-language-features] provider FAILED
[2020-04-03 21:53:48.070] [exthost] [error] Error: busy
	at o._provideSemanticTokens (/snap/code/28/usr/share/code/resources/app/extensions/typescript-language-features/dist/extension.js:1:180337)
[2020-04-03 21:53:53.552] [exthost] [error] [vscode.typescript-language-features] provider FAILED
[2020-04-03 21:53:53.552] [exthost] [error] Error: busy
	at o._provideSemanticTokens (/snap/code/28/usr/share/code/resources/app/extensions/typescript-language-features/dist/extension.js:1:180337)
[2020-04-03 21:53:53.947] [exthost] [error] [vscode.typescript-language-features] provider FAILED
[2020-04-03 21:53:53.947] [exthost] [error] Error: busy
	at o._provideSemanticTokens (/snap/code/28/usr/share/code/resources/app/extensions/typescript-language-features/dist/extension.js:1:180337)
[2020-04-03 21:53:59.450] [exthost] [error] [vscode.typescript-language-features] provider FAILED
[2020-04-03 21:53:59.451] [exthost] [error] Error: busy
	at o._provideSemanticTokens (/snap/code/28/usr/share/code/resources/app/extensions/typescript-language-features/dist/extension.js:1:180337)
[2020-04-03 21:53:59.771] [exthost] [error] [vscode.typescript-language-features] provider FAILED
[2020-04-03 21:53:59.771] [exthost] [error] Error: busy
	at o._provideSemanticTokens (/snap/code/28/usr/share/code/resources/app/extensions/typescript-language-features/dist/extension.js:1:180337)
[2020-04-03 21:54:00.145] [exthost] [error] [vscode.typescript-language-features] provider FAILED
[2020-04-03 21:54:00.145] [exthost] [error] Error: busy
	at o._provideSemanticTokens (/snap/code/28/usr/share/code/resources/app/extensions/typescript-language-features/dist/extension.js:1:180337)
[2020-04-03 21:54:00.520] [exthost] [error] [vscode.typescript-language-features] provider FAILED
[2020-04-03 21:54:00.520] [exthost] [error] Error: busy
	at o._provideSemanticTokens (/snap/code/28/usr/share/code/resources/app/extensions/typescript-language-features/dist/extension.js:1:180337)
[2020-04-03 21:55:09.636] [exthost] [error] [vscode.typescript-language-features] provider FAILED
[2020-04-03 21:55:09.636] [exthost] [error] Error: busy
	at o._provideSemanticTokens (/snap/code/28/usr/share/code/resources/app/extensions/typescript-language-features/dist/extension.js:1:180337)
[2020-04-03 21:55:43.505] [exthost] [error] [vscode.typescript-language-features] provider FAILED
[2020-04-03 21:55:43.505] [exthost] [error] Error: busy
	at o._provideSemanticTokens (/snap/code/28/usr/share/code/resources/app/extensions/typescript-language-features/dist/extension.js:1:180337)
[2020-04-03 21:55:44.164] [exthost] [error] [vscode.typescript-language-features] provider FAILED
[2020-04-03 21:55:44.164] [exthost] [error] Error: busy
	at o._provideSemanticTokens (/snap/code/28/usr/share/code/resources/app/extensions/typescript-language-features/dist/extension.js:1:180337)
[2020-04-03 21:55:44.828] [exthost] [error] [vscode.typescript-language-features] provider FAILED
[2020-04-03 21:55:44.828] [exthost] [error] Error: busy
	at o._provideSemanticTokens (/snap/code/28/usr/share/code/resources/app/extensions/typescript-language-features/dist/extension.js:1:180337)
[2020-04-03 21:55:46.392] [exthost] [error] [vscode.typescript-language-features] provider FAILED
[2020-04-03 21:55:46.392] [exthost] [error] Error: busy
	at o._provideSemanticTokens (/snap/code/28/usr/share/code/resources/app/extensions/typescript-language-features/dist/extension.js:1:180337)
[2020-04-03 21:55:46.947] [exthost] [error] [vscode.typescript-language-features] provider FAILED
[2020-04-03 21:55:46.947] [exthost] [error] Error: busy
	at o._provideSemanticTokens (/snap/code/28/usr/share/code/resources/app/extensions/typescript-language-features/dist/extension.js:1:180337)
[2020-04-03 21:55:47.293] [exthost] [error] [vscode.typescript-language-features] provider FAILED
[2020-04-03 21:55:47.293] [exthost] [error] Error: busy
	at o._provideSemanticTokens (/snap/code/28/usr/share/code/resources/app/extensions/typescript-language-features/dist/extension.js:1:180337)
[2020-04-03 21:56:20.072] [exthost] [error] [vscode.typescript-language-features] provider FAILED
[2020-04-03 21:56:20.072] [exthost] [error] Error: busy
	at o._provideSemanticTokens (/snap/code/28/usr/share/code/resources/app/extensions/typescript-language-features/dist/extension.js:1:180337)
[2020-04-03 21:56:20.365] [exthost] [error] [vscode.typescript-language-features] provider FAILED
[2020-04-03 21:56:20.365] [exthost] [error] Error: busy
	at o._provideSemanticTokens (/snap/code/28/usr/share/code/resources/app/extensions/typescript-language-features/dist/extension.js:1:180337)
[2020-04-03 21:56:20.895] [exthost] [error] [vscode.typescript-language-features] provider FAILED
[2020-04-03 21:56:20.895] [exthost] [error] Error: DisposableStore is missing...
	at F._convertCompletionItem (/snap/code/28/usr/share/code/resources/app/out/vs/workbench/services/extensions/node/extensionHostProcess.js:596:373)
	at /snap/code/28/usr/share/code/resources/app/out/vs/workbench/services/extensions/node/extensionHostProcess.js:596:151
[2020-04-03 21:56:20.977] [exthost] [error] [vscode.typescript-language-features] provider FAILED
[2020-04-03 21:56:20.977] [exthost] [error] Error: busy
	at o._provideSemanticTokens (/snap/code/28/usr/share/code/resources/app/extensions/typescript-language-features/dist/extension.js:1:180337)
[2020-04-03 21:56:21.479] [exthost] [error] [vscode.typescript-language-features] provider FAILED
[2020-04-03 21:56:21.479] [exthost] [error] Error: busy
	at o._provideSemanticTokens (/snap/code/28/usr/share/code/resources/app/extensions/typescript-language-features/dist/extension.js:1:180337)
[2020-04-03 21:56:26.241] [exthost] [error] [vscode.typescript-language-features] provider FAILED
[2020-04-03 21:56:26.241] [exthost] [error] Error: busy
	at o._provideSemanticTokens (/snap/code/28/usr/share/code/resources/app/extensions/typescript-language-features/dist/extension.js:1:180337)
[2020-04-03 21:56:27.938] [exthost] [error] [vscode.typescript-language-features] provider FAILED
[2020-04-03 21:56:27.938] [exthost] [error] Error: busy
	at o._provideSemanticTokens (/snap/code/28/usr/share/code/resources/app/extensions/typescript-language-features/dist/extension.js:1:180337)
[2020-04-03 21:56:29.153] [exthost] [error] [vscode.typescript-language-features] provider FAILED
[2020-04-03 21:56:29.153] [exthost] [error] Error: busy
	at o._provideSemanticTokens (/snap/code/28/usr/share/code/resources/app/extensions/typescript-language-features/dist/extension.js:1:180337)
[2020-04-03 21:56:29.726] [exthost] [error] [vscode.typescript-language-features] provider FAILED
[2020-04-03 21:56:29.726] [exthost] [error] Error: busy
	at o._provideSemanticTokens (/snap/code/28/usr/share/code/resources/app/extensions/typescript-language-features/dist/extension.js:1:180337)
[2020-04-03 21:56:30.281] [exthost] [error] [vscode.typescript-language-features] provider FAILED
[2020-04-03 21:56:30.281] [exthost] [error] Error: busy
	at o._provideSemanticTokens (/snap/code/28/usr/share/code/resources/app/extensions/typescript-language-features/dist/extension.js:1:180337)
[2020-04-03 21:56:32.184] [exthost] [error] [vscode.typescript-language-features] provider FAILED
[2020-04-03 21:56:32.184] [exthost] [error] Error: busy
	at o._provideSemanticTokens (/snap/code/28/usr/share/code/resources/app/extensions/typescript-language-features/dist/extension.js:1:180337)
[2020-04-03 21:56:33.005] [exthost] [error] [vscode.typescript-language-features] provider FAILED
[2020-04-03 21:56:33.005] [exthost] [error] Error: busy
	at o._provideSemanticTokens (/snap/code/28/usr/share/code/resources/app/extensions/typescript-language-features/dist/extension.js:1:180337)
[2020-04-03 21:56:59.728] [exthost] [error] [vscode.typescript-language-features] provider FAILED
[2020-04-03 21:56:59.728] [exthost] [error] Error: busy
	at o._provideSemanticTokens (/snap/code/28/usr/share/code/resources/app/extensions/typescript-language-features/dist/extension.js:1:180337)
[2020-04-03 21:57:00.151] [exthost] [error] [vscode.typescript-language-features] provider FAILED
[2020-04-03 21:57:00.151] [exthost] [error] Error: busy
	at o._provideSemanticTokens (/snap/code/28/usr/share/code/resources/app/extensions/typescript-language-features/dist/extension.js:1:180337)
[2020-04-03 21:57:00.506] [exthost] [error] [vscode.typescript-language-features] provider FAILED
[2020-04-03 21:57:00.506] [exthost] [error] Error: busy
	at o._provideSemanticTokens (/snap/code/28/usr/share/code/resources/app/extensions/typescript-language-features/dist/extension.js:1:180337)
[2020-04-03 21:57:01.325] [exthost] [error] [vscode.typescript-language-features] provider FAILED
[2020-04-03 21:57:01.325] [exthost] [error] Error: busy
	at o._provideSemanticTokens (/snap/code/28/usr/share/code/resources/app/extensions/typescript-language-features/dist/extension.js:1:180337)
[2020-04-03 21:57:01.765] [exthost] [error] [vscode.typescript-language-features] provider FAILED
[2020-04-03 21:57:01.765] [exthost] [error] Error: busy
	at o._provideSemanticTokens (/snap/code/28/usr/share/code/resources/app/extensions/typescript-language-features/dist/extension.js:1:180337)
[2020-04-03 21:57:03.473] [exthost] [error] [vscode.typescript-language-features] provider FAILED
[2020-04-03 21:57:03.473] [exthost] [error] Error: busy
	at o._provideSemanticTokens (/snap/code/28/usr/share/code/resources/app/extensions/typescript-language-features/dist/extension.js:1:180337)
[2020-04-03 21:57:03.879] [exthost] [error] [vscode.typescript-language-features] provider FAILED
[2020-04-03 21:57:03.879] [exthost] [error] Error: busy
	at o._provideSemanticTokens (/snap/code/28/usr/share/code/resources/app/extensions/typescript-language-features/dist/extension.js:1:180337)
[2020-04-03 21:57:04.671] [exthost] [error] [vscode.typescript-language-features] provider FAILED
[2020-04-03 21:57:04.671] [exthost] [error] Error: busy
	at o._provideSemanticTokens (/snap/code/28/usr/share/code/resources/app/extensions/typescript-language-features/dist/extension.js:1:180337)
[2020-04-03 21:57:41.067] [exthost] [error] [vscode.typescript-language-features] provider FAILED
[2020-04-03 21:57:41.067] [exthost] [error] Error: busy
	at o._provideSemanticTokens (/snap/code/28/usr/share/code/resources/app/extensions/typescript-language-features/dist/extension.js:1:180337)
[2020-04-03 21:58:28.775] [exthost] [error] [vscode.typescript-language-features] provider FAILED
[2020-04-03 21:58:28.775] [exthost] [error] Error: busy
	at o._provideSemanticTokens (/snap/code/28/usr/share/code/resources/app/extensions/typescript-language-features/dist/extension.js:1:180337)
[2020-04-03 21:58:29.335] [exthost] [error] [vscode.typescript-language-features] provider FAILED
[2020-04-03 21:58:29.336] [exthost] [error] Error: busy
	at o._provideSemanticTokens (/snap/code/28/usr/share/code/resources/app/extensions/typescript-language-features/dist/extension.js:1:180337)
[2020-04-03 21:58:36.211] [exthost] [error] [vscode.typescript-language-features] provider FAILED
[2020-04-03 21:58:36.211] [exthost] [error] Error: busy
	at o._provideSemanticTokens (/snap/code/28/usr/share/code/resources/app/extensions/typescript-language-features/dist/extension.js:1:180337)
[2020-04-03 21:58:36.755] [exthost] [error] [vscode.typescript-language-features] provider FAILED
[2020-04-03 21:58:36.755] [exthost] [error] Error: busy
	at o._provideSemanticTokens (/snap/code/28/usr/share/code/resources/app/extensions/typescript-language-features/dist/extension.js:1:180337)
[2020-04-03 21:59:35.583] [exthost] [error] [vscode.typescript-language-features] provider FAILED
[2020-04-03 21:59:35.584] [exthost] [error] Error: busy
	at o._provideSemanticTokens (/snap/code/28/usr/share/code/resources/app/extensions/typescript-language-features/dist/extension.js:1:180337)
[2020-04-03 21:59:36.225] [exthost] [error] [vscode.typescript-language-features] provider FAILED
[2020-04-03 21:59:36.225] [exthost] [error] Error: busy
	at o._provideSemanticTokens (/snap/code/28/usr/share/code/resources/app/extensions/typescript-language-features/dist/extension.js:1:180337)
[2020-04-03 21:59:36.927] [exthost] [error] [vscode.typescript-language-features] provider FAILED
[2020-04-03 21:59:36.927] [exthost] [error] Error: busy
	at o._provideSemanticTokens (/snap/code/28/usr/share/code/resources/app/extensions/typescript-language-features/dist/extension.js:1:180337)
[2020-04-03 21:59:37.799] [exthost] [error] [vscode.typescript-language-features] provider FAILED
[2020-04-03 21:59:37.799] [exthost] [error] Error: busy
	at o._provideSemanticTokens (/snap/code/28/usr/share/code/resources/app/extensions/typescript-language-features/dist/extension.js:1:180337)
[2020-04-03 21:59:38.371] [exthost] [error] [vscode.typescript-language-features] provider FAILED
[2020-04-03 21:59:38.371] [exthost] [error] Error: busy
	at o._provideSemanticTokens (/snap/code/28/usr/share/code/resources/app/extensions/typescript-language-features/dist/extension.js:1:180337)
[2020-04-03 21:59:39.133] [exthost] [error] [vscode.typescript-language-features] provider FAILED
[2020-04-03 21:59:39.134] [exthost] [error] Error: busy
	at o._provideSemanticTokens (/snap/code/28/usr/share/code/resources/app/extensions/typescript-language-features/dist/extension.js:1:180337)
[2020-04-03 22:04:04.130] [exthost] [error] [vscode.typescript-language-features] provider FAILED
[2020-04-03 22:04:04.130] [exthost] [error] Error: busy
	at o._provideSemanticTokens (/snap/code/28/usr/share/code/resources/app/extensions/typescript-language-features/dist/extension.js:1:180337)
[2020-04-03 22:04:04.709] [exthost] [error] [vscode.typescript-language-features] provider FAILED
[2020-04-03 22:04:04.709] [exthost] [error] Error: busy
	at o._provideSemanticTokens (/snap/code/28/usr/share/code/resources/app/extensions/typescript-language-features/dist/extension.js:1:180337)
[2020-04-03 22:04:05.255] [exthost] [error] [vscode.typescript-language-features] provider FAILED
[2020-04-03 22:04:05.255] [exthost] [error] Error: busy
	at o._provideSemanticTokens (/snap/code/28/usr/share/code/resources/app/extensions/typescript-language-features/dist/extension.js:1:180337)
[2020-04-03 22:04:07.016] [exthost] [error] [vscode.typescript-language-features] provider FAILED
[2020-04-03 22:04:07.016] [exthost] [error] Error: busy
	at o._provideSemanticTokens (/snap/code/28/usr/share/code/resources/app/extensions/typescript-language-features/dist/extension.js:1:180337)
[2020-04-03 22:04:08.658] [exthost] [error] [vscode.typescript-language-features] provider FAILED
[2020-04-03 22:04:08.658] [exthost] [error] Error: busy
	at o._provideSemanticTokens (/snap/code/28/usr/share/code/resources/app/extensions/typescript-language-features/dist/extension.js:1:180337)
[2020-04-03 22:04:08.993] [exthost] [error] [vscode.typescript-language-features] provider FAILED
[2020-04-03 22:04:08.993] [exthost] [error] Error: busy
	at o._provideSemanticTokens (/snap/code/28/usr/share/code/resources/app/extensions/typescript-language-features/dist/extension.js:1:180337)
[2020-04-03 22:04:09.526] [exthost] [error] [vscode.typescript-language-features] provider FAILED
[2020-04-03 22:04:09.526] [exthost] [error] Error: busy
	at o._provideSemanticTokens (/snap/code/28/usr/share/code/resources/app/extensions/typescript-language-features/dist/extension.js:1:180337)
[2020-04-03 22:04:10.133] [exthost] [error] [vscode.typescript-language-features] provider FAILED
[2020-04-03 22:04:10.133] [exthost] [error] Error: busy
	at o._provideSemanticTokens (/snap/code/28/usr/share/code/resources/app/extensions/typescript-language-features/dist/extension.js:1:180337)
[2020-04-03 22:04:17.201] [exthost] [error] [vscode.typescript-language-features] provider FAILED
[2020-04-03 22:04:17.201] [exthost] [error] Error: busy
	at o._provideSemanticTokens (/snap/code/28/usr/share/code/resources/app/extensions/typescript-language-features/dist/extension.js:1:180337)
[2020-04-03 22:04:17.823] [exthost] [error] [vscode.typescript-language-features] provider FAILED
[2020-04-03 22:04:17.823] [exthost] [error] Error: busy
	at o._provideSemanticTokens (/snap/code/28/usr/share/code/resources/app/extensions/typescript-language-features/dist/extension.js:1:180337)
[2020-04-03 22:04:28.221] [exthost] [error] [vscode.typescript-language-features] provider FAILED
[2020-04-03 22:04:28.221] [exthost] [error] Error: busy
	at o._provideSemanticTokens (/snap/code/28/usr/share/code/resources/app/extensions/typescript-language-features/dist/extension.js:1:180337)
[2020-04-03 22:26:26.067] [exthost] [error] [vscode.typescript-language-features] provider FAILED
[2020-04-03 22:26:26.067] [exthost] [error] Error: busy
	at o._provideSemanticTokens (/snap/code/28/usr/share/code/resources/app/extensions/typescript-language-features/dist/extension.js:1:180337)
[2020-04-03 22:28:18.951] [exthost] [error] [vscode.typescript-language-features] provider FAILED
[2020-04-03 22:28:18.951] [exthost] [error] Error: busy
	at o._provideSemanticTokens (/snap/code/28/usr/share/code/resources/app/extensions/typescript-language-features/dist/extension.js:1:180337)
[2020-04-03 22:28:21.758] [exthost] [error] [vscode.typescript-language-features] provider FAILED
[2020-04-03 22:28:21.758] [exthost] [error] Error: busy
	at o._provideSemanticTokens (/snap/code/28/usr/share/code/resources/app/extensions/typescript-language-features/dist/extension.js:1:180337)
[2020-04-03 22:49:13.503] [exthost] [info] ExtensionService#_doActivateExtension eg2.vscode-npm-script {"startup":false,"extensionId":{"value":"eg2.vscode-npm-script","_lower":"eg2.vscode-npm-script"},"activationEvent":"onLanguage:json"}
[2020-04-03 22:49:13.503] [exthost] [info] ExtensionService#loadCommonJSModule file:///home/souryvath/.vscode/extensions/eg2.vscode-npm-script-0.3.11/dist/extension
[2020-04-03 22:49:14.248] [exthost] [info] ExtensionService#_doActivateExtension ms-vscode.vscode-typescript-tslint-plugin {"startup":false,"extensionId":{"value":"ms-vscode.vscode-typescript-tslint-plugin","_lower":"ms-vscode.vscode-typescript-tslint-plugin"},"activationEvent":"onLanguage:javascript"}
[2020-04-03 22:49:14.248] [exthost] [info] ExtensionService#loadCommonJSModule file:///home/souryvath/.vscode/extensions/ms-vscode.vscode-typescript-tslint-plugin-1.2.3/out/index.js
[2020-04-03 22:49:21.044] [exthost] [info] ExtensionService#_doActivateExtension eg2.tslint {"startup":false,"extensionId":{"value":"eg2.tslint","_lower":"eg2.tslint"},"activationEvent":"onLanguage:typescript"}
[2020-04-03 22:49:21.044] [exthost] [info] ExtensionService#loadCommonJSModule file:///home/souryvath/.vscode/extensions/eg2.tslint-1.0.44/out/extension
[2020-04-03 22:49:59.113] [exthost] [error] [vscode.typescript-language-features] provider FAILED
[2020-04-03 22:49:59.114] [exthost] [error] Error: busy
	at o._provideSemanticTokens (/snap/code/28/usr/share/code/resources/app/extensions/typescript-language-features/dist/extension.js:1:180337)
[2020-04-03 22:49:59.562] [exthost] [error] [vscode.typescript-language-features] provider FAILED
[2020-04-03 22:49:59.562] [exthost] [error] Error: busy
	at o._provideSemanticTokens (/snap/code/28/usr/share/code/resources/app/extensions/typescript-language-features/dist/extension.js:1:180337)
[2020-04-03 22:50:00.602] [exthost] [error] [vscode.typescript-language-features] provider FAILED
[2020-04-03 22:50:00.602] [exthost] [error] Error: busy
	at o._provideSemanticTokens (/snap/code/28/usr/share/code/resources/app/extensions/typescript-language-features/dist/extension.js:1:180337)
[2020-04-03 22:50:01.312] [exthost] [error] [vscode.typescript-language-features] provider FAILED
[2020-04-03 22:50:01.312] [exthost] [error] Error: busy
	at o._provideSemanticTokens (/snap/code/28/usr/share/code/resources/app/extensions/typescript-language-features/dist/extension.js:1:180337)
[2020-04-03 22:50:04.980] [exthost] [warning] eg2.tslint - Code actions of kind 'quickfix 'requested but returned code action is of kind 'source'. Code action will be dropped. Please check 'CodeActionContext.only' to only return requested code actions.
[2020-04-03 22:50:17.139] [exthost] [error] [vscode.typescript-language-features] provider FAILED
[2020-04-03 22:50:17.139] [exthost] [error] Error: busy
	at o._provideSemanticTokens (/snap/code/28/usr/share/code/resources/app/extensions/typescript-language-features/dist/extension.js:1:180337)
[2020-04-03 22:50:17.532] [exthost] [error] [vscode.typescript-language-features] provider FAILED
[2020-04-03 22:50:17.533] [exthost] [error] Error: busy
	at o._provideSemanticTokens (/snap/code/28/usr/share/code/resources/app/extensions/typescript-language-features/dist/extension.js:1:180337)
[2020-04-03 22:51:40.598] [exthost] [error] [vscode.typescript-language-features] provider FAILED
[2020-04-03 22:51:40.598] [exthost] [error] Error: busy
	at o._provideSemanticTokens (/snap/code/28/usr/share/code/resources/app/extensions/typescript-language-features/dist/extension.js:1:180337)
[2020-04-03 22:51:42.291] [exthost] [error] [vscode.typescript-language-features] provider FAILED
[2020-04-03 22:51:42.293] [exthost] [error] Error: <semantic> TypeScript Server Error (3.8.3)
Debug Failure. Token and statement should start at the same point. {"statementKind":"ClassDeclaration","tokenKind":"CloseBraceToken","errorCode":7027,"start":3831,"length":21}
Error: Debug Failure. Token and statement should start at the same point. {"statementKind":"ClassDeclaration","tokenKind":"CloseBraceToken","errorCode":7027,"start":3831,"length":21}
    at doChange (tsserver.js:129428:26)
    at tsserver.js:129411:96
    at Function.ChangeTracker.with (tsserver.js:123413:17)
    at Object.getCodeActions (tsserver.js:129411:64)
    at tsserver.js:124540:77
    at Object.flatMap (tsserver.js:465:25)
    at Object.getFixes (tsserver.js:124540:23)
    at tsserver.js:135666:35
    at Object.flatMap (tsserver.js:465:25)
    at Proxy.getCodeFixesAtPosition (tsserver.js:135664:23)
    at TSLintPlugin.getCodeFixesAtPosition (/home/souryvath/.vscode/extensions/ms-vscode.vscode-typescript-tslint-plugin-1.2.3/node_modules/typescript-tslint-plugin/out/plugin.js:170:34)
    at Proxy.intercept.getCodeFixesAtPosition (/home/souryvath/.vscode/extensions/ms-vscode.vscode-typescript-tslint-plugin-1.2.3/node_modules/typescript-tslint-plugin/out/plugin.js:77:25)
    at IOSession.Session.getCodeFixes (tsserver.js:145753:64)
    at Session.handlers.ts.createMapFromTemplate._a.<computed> (tsserver.js:144510:61)
    at tsserver.js:146003:88
    at IOSession.Session.executeWithRequestId (tsserver.js:145994:28)
    at IOSession.Session.executeCommand (tsserver.js:146003:33)
    at IOSession.Session.onMessage (tsserver.js:146027:35)
    at Interface.<anonymous> (tsserver.js:147342:27)
    at Interface.emit (events.js:203:13)
    at Interface._onLine (readline.js:316:10)
    at Interface._normalWrite (readline.js:461:12)
    at Socket.ondata (readline.js:172:10)
    at Socket.emit (events.js:203:13)
    at addChunk (_stream_readable.js:295:12)
    at readableAddChunk (_stream_readable.js:276:11)
    at Socket.Readable.push (_stream_readable.js:210:10)
    at Pipe.onStreamRead (internal/stream_base_commons.js:166:17)
	at Function.create (/snap/code/28/usr/share/code/resources/app/extensions/typescript-language-features/dist/extension.js:1:49958)
	at h.dispatchResponse (/snap/code/28/usr/share/code/resources/app/extensions/typescript-language-features/dist/extension.js:1:216914)
	at h.dispatchMessage (/snap/code/28/usr/share/code/resources/app/extensions/typescript-language-features/dist/extension.js:1:215832)
	at /snap/code/28/usr/share/code/resources/app/extensions/typescript-language-features/dist/extension.js:1:215308
	at l.fire (/snap/code/28/usr/share/code/resources/app/out/vs/workbench/services/extensions/node/extensionHostProcess.js:48:845)
	at t.Reader.onLengthData (/snap/code/28/usr/share/code/resources/app/extensions/typescript-language-features/dist/extension.js:1:223870)
	at Socket.<anonymous> (/snap/code/28/usr/share/code/resources/app/extensions/typescript-language-features/dist/extension.js:1:223518)
	at Socket.emit (events.js:203:13)
	at addChunk (_stream_readable.js:295:12)
	at readableAddChunk (_stream_readable.js:276:11)
	at Socket.Readable.push (_stream_readable.js:210:10)
	at Pipe.onStreamRead (internal/stream_base_commons.js:166:17)
[2020-04-03 22:51:46.859] [exthost] [error] [vscode.typescript-language-features] provider FAILED
[2020-04-03 22:51:46.860] [exthost] [error] Error: busy
	at o._provideSemanticTokens (/snap/code/28/usr/share/code/resources/app/extensions/typescript-language-features/dist/extension.js:1:180337)
