Initializing document watcher...
API/routes/api_france.js: {}
API/routes/api_france.js: Using EditorConfig core...
API/routes/api_france.js: Using EditorConfig core...
API/routes/api_france.js: Using EditorConfig core...
API/routes/api_france.js: Using EditorConfig core...
API/routes/api_france.js: {}
API/routes/api_historical.js: {}
API/routes/api_france.js: {}
API/routes/api_historical.js: {}
API/routes/api_france.js: {}
API/routes/api_france.js: Using EditorConfig core...
API/routes/api_france.js: Using EditorConfig core...
API/routes/api_historical.js: {}
API/routes/api_historical.js: {}
API/routes/api_france.js: {}
API/routes/api_france.js: Using EditorConfig core...
API/routes/api_france.js: Using EditorConfig core...
API/routes/api_france.js: Using EditorConfig core...
API/routes/api_france.js: {}
API/routes/api_france.js: {}
API/routes/api_historical.js: {}
API/routes/api_france.js: {}
API/routes/api_historical.js: {}
API/routes/api_france.js: {}
API/routes/api_france.js: Using EditorConfig core...
API/routes/api_france.js: Using EditorConfig core...
API/routes/api_historical.js: {}
API/routes/api_france.js: {}
API/routes/api_france.js: Using EditorConfig core...
API/routes/api_france.js: Using EditorConfig core...
API/routes/api_france.js: Using EditorConfig core...
API/routes/api_france.js: {}
API/routes/api_france.js: {}
API/routes/api_france.js: Using EditorConfig core...
API/routes/api_france.js: Using EditorConfig core...
API/routes/api_france.js: Using EditorConfig core...
API/routes/api_france.js: {}
API/routes/api_france.js: {}
API/routes/api_france.js: {}
ng-covid-19/src/app/coronavirus/services/coronavirus-france.service.ts: {"insertSpaces":true,"tabSize":2}
ng-covid-19/src/app/coronavirus/services/coronavirus.service.ts: {"insertSpaces":true,"tabSize":2}
ng-covid-19/src/app/coronavirus/services/coronavirus-france.service.ts: {"insertSpaces":true,"tabSize":2}
API/routes/api_france.js: {}
ng-covid-19/src/app/coronavirus/services/coronavirus-france.service.ts: {"insertSpaces":true,"tabSize":2}
ng-covid-19/src/app/coronavirus/services/coronavirus.service.ts: {"insertSpaces":true,"tabSize":2}
API/routes/api_france.js: {}
API/routes/api_france.js: Using EditorConfig core...
API/routes/api_france.js: Using EditorConfig core...
API/routes/api_france.js: Using EditorConfig core...
API/routes/api_france.js: Using EditorConfig core...
API/routes/api_france.js: Using EditorConfig core...
API/routes/api_france.js: Using EditorConfig core...
API/routes/api_france.js: {}
API/routes/api_france.js: Using EditorConfig core...
API/routes/api_france.js: Using EditorConfig core...
API/routes/api_france.js: Using EditorConfig core...
API/routes/api_france.js: {}
API/routes/api_france.js: {}
API/routes/api_france.js: Using EditorConfig core...
API/routes/api_france.js: Using EditorConfig core...
API/routes/api_france.js: Using EditorConfig core...
API/routes/api_france.js: {}
API/routes/api_france.js: {}
API/routes/api_france.js: Using EditorConfig core...
API/routes/api_france.js: Using EditorConfig core...
API/routes/api_france.js: Using EditorConfig core...
API/routes/api_france.js: {}
API/routes/api_france.js: {}
API/funcs/franceStatsAge.js: {}
API/funcs/franceStats.js: {}
API/funcs/getCountries.js: {}
API/funcs/getAll.js: {}
API/funcs/franceStatsAge.js: {}
API/routes/api_france.js: {}
API/funcs/franceStatsAge.js: {}
API/funcs/franceStats.js: {}
API/routes/api_france.js: {}
API/routes/api_france.js: Using EditorConfig core...
API/routes/api_france.js: Using EditorConfig core...
API/routes/api_france.js: Using EditorConfig core...
API/routes/api_france.js: Using EditorConfig core...
API/routes/api_france.js: Using EditorConfig core...
API/routes/api_france.js: {}
API/routes/api_france.js: Using EditorConfig core...
API/routes/api_france.js: {}
API/routes/api_france.js: Using EditorConfig core...
API/routes/api_france.js: Using EditorConfig core...
API/routes/api_france.js: Using EditorConfig core...
API/routes/api_france.js: {}
API/routes/api_france.js: {}
API/routes/api_france.js: {}
API/routes/api_france.js: {}
ng-covid-19/src/app/coronavirus/containers/coronavirus/coronavirus.component.ts: {"insertSpaces":true,"tabSize":2}
ng-covid-19/src/app/coronavirus/components/coronavirus-graph/coronavirus-graph.component.ts: {"insertSpaces":true,"tabSize":2}
ng-covid-19/src/app/coronavirus/components/coronavirus-graph/coronavirus-graph.component.ts: {"insertSpaces":true,"tabSize":2}
ng-covid-19/src/app/coronavirus/components/coronavirus-graph/coronavirus-graph.component.ts: Using EditorConfig core...
ng-covid-19/src/app/coronavirus/components/coronavirus-graph/coronavirus-graph.component.ts: editor.action.trimTrailingWhitespace
ng-covid-19/src/app/coronavirus/components/coronavirus-graph/coronavirus-graph.component.ts: Using EditorConfig core...
ng-covid-19/src/app/coronavirus/components/coronavirus-graph/coronavirus-graph.component.ts: editor.action.trimTrailingWhitespace
ng-covid-19/src/app/coronavirus/components/coronavirus-graph/coronavirus-graph.component.ts: {"insertSpaces":true,"tabSize":2}
ng-covid-19/src/app/coronavirus/components/coronavirus-graph/coronavirus-graph.component.ts: Using EditorConfig core...
ng-covid-19/src/app/coronavirus/components/coronavirus-graph/coronavirus-graph.component.ts: editor.action.trimTrailingWhitespace
ng-covid-19/src/app/coronavirus/components/coronavirus-graph/coronavirus-graph.component.ts: Using EditorConfig core...
ng-covid-19/src/app/coronavirus/components/coronavirus-graph/coronavirus-graph.component.ts: editor.action.trimTrailingWhitespace
ng-covid-19/src/app/coronavirus/components/coronavirus-graph/coronavirus-graph.component.ts: {"insertSpaces":true,"tabSize":2}
ng-covid-19/src/app/coronavirus/components/coronavirus-graph/coronavirus-graph.component.ts: Using EditorConfig core...
ng-covid-19/src/app/coronavirus/components/coronavirus-graph/coronavirus-graph.component.ts: editor.action.trimTrailingWhitespace
ng-covid-19/src/app/coronavirus/components/coronavirus-graph/coronavirus-graph.component.ts: Using EditorConfig core...
ng-covid-19/src/app/coronavirus/components/coronavirus-graph/coronavirus-graph.component.ts: editor.action.trimTrailingWhitespace
ng-covid-19/src/app/coronavirus/components/coronavirus-graph/coronavirus-graph.component.ts: {"insertSpaces":true,"tabSize":2}
ng-covid-19/src/app/coronavirus/components/coronavirus-graph/coronavirus-graph.component.html: {"insertSpaces":true,"tabSize":2}
ng-covid-19/src/app/coronavirus/components/coronavirus-graph/coronavirus-graph.component.ts: {"insertSpaces":true,"tabSize":2}
ng-covid-19/src/app/coronavirus/components/coronavirus-graph/coronavirus-graph.component.ts: Using EditorConfig core...
ng-covid-19/src/app/coronavirus/components/coronavirus-graph/coronavirus-graph.component.ts: editor.action.trimTrailingWhitespace
ng-covid-19/src/app/coronavirus/components/coronavirus-graph/coronavirus-graph.component.ts: Using EditorConfig core...
ng-covid-19/src/app/coronavirus/components/coronavirus-graph/coronavirus-graph.component.ts: editor.action.trimTrailingWhitespace
ng-covid-19/src/app/coronavirus/components/coronavirus-graph/coronavirus-graph.component.ts: Using EditorConfig core...
ng-covid-19/src/app/coronavirus/components/coronavirus-graph/coronavirus-graph.component.ts: editor.action.trimTrailingWhitespace
ng-covid-19/src/app/coronavirus/components/coronavirus-graph/coronavirus-graph.component.ts: {"insertSpaces":true,"tabSize":2}
ng-covid-19/src/app/coronavirus/components/coronavirus-graph/coronavirus-graph.component.ts: {"insertSpaces":true,"tabSize":2}
ng-covid-19/src/app/coronavirus/components/coronavirus-graph/coronavirus-graph.component.ts: Using EditorConfig core...
ng-covid-19/src/app/coronavirus/components/coronavirus-graph/coronavirus-graph.component.ts: editor.action.trimTrailingWhitespace
ng-covid-19/src/app/coronavirus/components/coronavirus-graph/coronavirus-graph.component.ts: Using EditorConfig core...
ng-covid-19/src/app/coronavirus/components/coronavirus-graph/coronavirus-graph.component.ts: editor.action.trimTrailingWhitespace
ng-covid-19/src/app/coronavirus/components/coronavirus-graph/coronavirus-graph.component.ts: Using EditorConfig core...
ng-covid-19/src/app/coronavirus/components/coronavirus-graph/coronavirus-graph.component.ts: editor.action.trimTrailingWhitespace
ng-covid-19/src/app/coronavirus/components/coronavirus-graph/coronavirus-graph.component.ts: {"insertSpaces":true,"tabSize":2}
ng-covid-19/src/app/coronavirus/components/coronavirus-graph/coronavirus-graph.component.ts: {"insertSpaces":true,"tabSize":2}
ng-covid-19/src/app/coronavirus/components/coronavirus-graph/coronavirus-graph.component.ts: Using EditorConfig core...
ng-covid-19/src/app/coronavirus/components/coronavirus-graph/coronavirus-graph.component.ts: editor.action.trimTrailingWhitespace
ng-covid-19/src/app/coronavirus/components/coronavirus-graph/coronavirus-graph.component.ts: Using EditorConfig core...
ng-covid-19/src/app/coronavirus/components/coronavirus-graph/coronavirus-graph.component.ts: editor.action.trimTrailingWhitespace
ng-covid-19/src/app/coronavirus/components/coronavirus-graph/coronavirus-graph.component.ts: {"insertSpaces":true,"tabSize":2}
ng-covid-19/src/app/coronavirus/components/coronavirus-graph/coronavirus-graph.component.ts: {"insertSpaces":true,"tabSize":2}
ng-covid-19/src/app/coronavirus/components/coronavirus-graph/coronavirus-graph.component.ts: Using EditorConfig core...
ng-covid-19/src/app/coronavirus/components/coronavirus-graph/coronavirus-graph.component.ts: editor.action.trimTrailingWhitespace
ng-covid-19/src/app/coronavirus/components/coronavirus-graph/coronavirus-graph.component.ts: Using EditorConfig core...
ng-covid-19/src/app/coronavirus/components/coronavirus-graph/coronavirus-graph.component.ts: editor.action.trimTrailingWhitespace
ng-covid-19/src/app/coronavirus/components/coronavirus-graph/coronavirus-graph.component.ts: {"insertSpaces":true,"tabSize":2}
ng-covid-19/src/app/coronavirus/components/coronavirus-graph/coronavirus-graph.component.ts: Using EditorConfig core...
ng-covid-19/src/app/coronavirus/components/coronavirus-graph/coronavirus-graph.component.ts: editor.action.trimTrailingWhitespace
ng-covid-19/src/app/coronavirus/components/coronavirus-graph/coronavirus-graph.component.ts: Using EditorConfig core...
ng-covid-19/src/app/coronavirus/components/coronavirus-graph/coronavirus-graph.component.ts: editor.action.trimTrailingWhitespace
ng-covid-19/src/app/coronavirus/components/coronavirus-graph/coronavirus-graph.component.ts: Using EditorConfig core...
ng-covid-19/src/app/coronavirus/components/coronavirus-graph/coronavirus-graph.component.ts: editor.action.trimTrailingWhitespace
ng-covid-19/src/app/coronavirus/components/coronavirus-graph/coronavirus-graph.component.ts: Using EditorConfig core...
ng-covid-19/src/app/coronavirus/components/coronavirus-graph/coronavirus-graph.component.ts: editor.action.trimTrailingWhitespace
ng-covid-19/src/app/coronavirus/components/coronavirus-graph/coronavirus-graph.component.ts: Using EditorConfig core...
ng-covid-19/src/app/coronavirus/components/coronavirus-graph/coronavirus-graph.component.ts: editor.action.trimTrailingWhitespace
ng-covid-19/src/app/coronavirus/components/coronavirus-graph/coronavirus-graph.component.ts: Using EditorConfig core...
ng-covid-19/src/app/coronavirus/components/coronavirus-graph/coronavirus-graph.component.ts: editor.action.trimTrailingWhitespace
ng-covid-19/src/app/coronavirus/components/coronavirus-graph/coronavirus-graph.component.ts: {"insertSpaces":true,"tabSize":2}
ng-covid-19/src/app/coronavirus/components/coronavirus-graph/coronavirus-graph.component.ts: {"insertSpaces":true,"tabSize":2}
ng-covid-19/src/app/coronavirus/components/coronavirus-graph/coronavirus-graph.component.ts: {"insertSpaces":true,"tabSize":2}
ng-covid-19/src/app/coronavirus/components/coronavirus-graph/coronavirus-graph.component.ts: Using EditorConfig core...
ng-covid-19/src/app/coronavirus/components/coronavirus-graph/coronavirus-graph.component.ts: editor.action.trimTrailingWhitespace
ng-covid-19/src/app/coronavirus/components/coronavirus-graph/coronavirus-graph.component.ts: Using EditorConfig core...
ng-covid-19/src/app/coronavirus/components/coronavirus-graph/coronavirus-graph.component.ts: editor.action.trimTrailingWhitespace
ng-covid-19/src/app/coronavirus/components/coronavirus-graph/coronavirus-graph.component.ts: {"insertSpaces":true,"tabSize":2}
ng-covid-19/src/app/coronavirus/components/coronavirus-graph/coronavirus-graph.component.ts: {"insertSpaces":true,"tabSize":2}
ng-covid-19/src/app/coronavirus/components/coronavirus-graph/coronavirus-graph.component.ts: Using EditorConfig core...
ng-covid-19/src/app/coronavirus/components/coronavirus-graph/coronavirus-graph.component.ts: editor.action.trimTrailingWhitespace
ng-covid-19/src/app/coronavirus/components/coronavirus-graph/coronavirus-graph.component.ts: Using EditorConfig core...
ng-covid-19/src/app/coronavirus/components/coronavirus-graph/coronavirus-graph.component.ts: editor.action.trimTrailingWhitespace
ng-covid-19/src/app/coronavirus/components/coronavirus-graph/coronavirus-graph.component.ts: Using EditorConfig core...
ng-covid-19/src/app/coronavirus/components/coronavirus-graph/coronavirus-graph.component.ts: editor.action.trimTrailingWhitespace
ng-covid-19/src/app/coronavirus/components/coronavirus-graph/coronavirus-graph.component.ts: {"insertSpaces":true,"tabSize":2}
ng-covid-19/src/app/coronavirus/components/coronavirus-graph/coronavirus-graph.component.ts: {"insertSpaces":true,"tabSize":2}
ng-covid-19/src/app/coronavirus/components/coronavirus-graph/coronavirus-graph.component.ts: {"insertSpaces":true,"tabSize":2}
ng-covid-19/src/app/coronavirus/components/coronavirus-graph/coronavirus-graph.component.ts: {"insertSpaces":true,"tabSize":2}
ng-covid-19/src/app/coronavirus/components/coronavirus-graph/coronavirus-graph.component.ts: {"insertSpaces":true,"tabSize":2}
ng-covid-19/src/app/coronavirus/components/coronavirus-graph/coronavirus-graph.component.ts: {"insertSpaces":true,"tabSize":2}
ng-covid-19/src/app/coronavirus/components/coronavirus-graph/coronavirus-graph.component.ts: {"insertSpaces":true,"tabSize":2}
ng-covid-19/src/app/coronavirus/components/coronavirus-graph/coronavirus-graph.component.ts: {"insertSpaces":true,"tabSize":2}
ng-covid-19/src/app/coronavirus/components/coronavirus-graph/coronavirus-graph.component.ts: {"insertSpaces":true,"tabSize":2}
ng-covid-19/src/app/coronavirus/components/coronavirus-graph/coronavirus-graph.component.ts: {"insertSpaces":true,"tabSize":2}
ng-covid-19/src/app/coronavirus/components/coronavirus-graph/coronavirus-graph.component.ts: {"insertSpaces":true,"tabSize":2}
ng-covid-19/src/app/coronavirus/components/coronavirus-graph/coronavirus-graph.component.ts: Using EditorConfig core...
ng-covid-19/src/app/coronavirus/components/coronavirus-graph/coronavirus-graph.component.ts: editor.action.trimTrailingWhitespace
ng-covid-19/src/app/coronavirus/components/coronavirus-graph/coronavirus-graph.component.ts: Using EditorConfig core...
ng-covid-19/src/app/coronavirus/components/coronavirus-graph/coronavirus-graph.component.ts: editor.action.trimTrailingWhitespace
ng-covid-19/src/app/coronavirus/components/coronavirus-graph/coronavirus-graph.component.ts: {"insertSpaces":true,"tabSize":2}
ng-covid-19/src/app/coronavirus/components/coronavirus-graph/coronavirus-graph.component.ts: {"insertSpaces":true,"tabSize":2}
ng-covid-19/src/app/coronavirus/components/coronavirus-graph/coronavirus-graph.component.ts: Using EditorConfig core...
ng-covid-19/src/app/coronavirus/components/coronavirus-graph/coronavirus-graph.component.ts: editor.action.trimTrailingWhitespace
ng-covid-19/src/app/coronavirus/components/coronavirus-graph/coronavirus-graph.component.ts: Using EditorConfig core...
ng-covid-19/src/app/coronavirus/components/coronavirus-graph/coronavirus-graph.component.ts: editor.action.trimTrailingWhitespace
ng-covid-19/src/app/coronavirus/components/coronavirus-graph/coronavirus-graph.component.ts: Using EditorConfig core...
ng-covid-19/src/app/coronavirus/components/coronavirus-graph/coronavirus-graph.component.ts: editor.action.trimTrailingWhitespace
ng-covid-19/src/app/coronavirus/components/coronavirus-graph/coronavirus-graph.component.ts: Using EditorConfig core...
ng-covid-19/src/app/coronavirus/components/coronavirus-graph/coronavirus-graph.component.ts: editor.action.trimTrailingWhitespace
ng-covid-19/src/app/coronavirus/components/coronavirus-graph/coronavirus-graph.component.ts: {"insertSpaces":true,"tabSize":2}
API/server.js: {}
API/server.js: Using EditorConfig core...
API/server.js: Using EditorConfig core...
API/server.js: Using EditorConfig core...
API/server.js: Using EditorConfig core...
API/server.js: {}
API/funcs/franceStatsAge.js: {}
API/funcs/franceStatsAge copy.js: {}
API/funcs/franceStatsTest.js: {}
API/funcs/franceStatsTest.js: {}
API/funcs/franceStatsTest.js: {}
API/funcs/franceStatsAge.js: {}
API/funcs/franceStats.js: {}
API/funcs/franceStatsTest.js: {}
API/funcs/franceStatsTest.js: Using EditorConfig core...
API/funcs/franceStatsTest.js: Using EditorConfig core...
API/funcs/franceStatsTest.js: Using EditorConfig core...
API/funcs/franceStats.js: {}
API/funcs/franceStatsTest.js: {}
API/funcs/franceStatsTest.js: Using EditorConfig core...
API/funcs/franceStatsTest.js: Using EditorConfig core...
API/funcs/franceStatsTest.js: {}
API/funcs/franceStatsTest.js: {}
API/funcs/franceStatsTest.js: {}
API/funcs/franceStatsTest.js: {}
API/funcs/franceStatsTest.js: {}
API/funcs/franceStatsTest.js: {}
API/funcs/franceStatsTest.js: {}
API/funcs/franceStatsTest.js: {}
API/funcs/franceStatsTest.js: {}
API/funcs/franceStatsAge.js: {}
API/funcs/franceStatsTest.js: {}
API/funcs/franceStatsAge.js: {}
API/funcs/franceStatsTest.js: {}
API/funcs/franceStatsTest.js: {}
API/funcs/franceStatsTest.js: {}
API/funcs/franceStatsTest.js: {}
API/funcs/franceStatsTest.js: {}
API/funcs/franceStatsTest.js: {}
API/funcs/franceStatsTest.js: {}
API/funcs/franceStatsTest.js: Using EditorConfig core...
API/funcs/getCountries.js: {}
ng-covid-19/src/app/coronavirus/components/coronavirus-graph/coronavirus-graph.component.ts: {"insertSpaces":true,"tabSize":2}
ng-covid-19/src/app/coronavirus/components/coronavirus-graph/coronavirus-graph.component.ts: {"insertSpaces":true,"tabSize":2}
ng-covid-19/src/app/coronavirus/components/coronavirus-map/coronavirus-map.component.ts: {"insertSpaces":true,"tabSize":2}
ng-covid-19/src/app/coronavirus/components/coronavirus-map/coronavirus-map.component.ts: Using EditorConfig core...
ng-covid-19/src/app/coronavirus/components/coronavirus-map/coronavirus-map.component.ts: editor.action.trimTrailingWhitespace
ng-covid-19/src/app/coronavirus/components/coronavirus-map/coronavirus-map.component.ts: Using EditorConfig core...
ng-covid-19/src/app/coronavirus/components/coronavirus-map/coronavirus-map.component.ts: editor.action.trimTrailingWhitespace
ng-covid-19/src/app/coronavirus/components/coronavirus-map/coronavirus-map.component.ts: Using EditorConfig core...
ng-covid-19/src/app/coronavirus/components/coronavirus-map/coronavirus-map.component.ts: editor.action.trimTrailingWhitespace
ng-covid-19/src/app/coronavirus/components/coronavirus-map/coronavirus-map.component.ts: Using EditorConfig core...
ng-covid-19/src/app/coronavirus/components/coronavirus-map/coronavirus-map.component.ts: editor.action.trimTrailingWhitespace
ng-covid-19/src/app/coronavirus/components/coronavirus-map/coronavirus-map.component.ts: Using EditorConfig core...
ng-covid-19/src/app/coronavirus/components/coronavirus-map/coronavirus-map.component.ts: editor.action.trimTrailingWhitespace
ng-covid-19/src/app/coronavirus/components/coronavirus-map/coronavirus-map.component.ts: Using EditorConfig core...
ng-covid-19/src/app/coronavirus/components/coronavirus-map/coronavirus-map.component.ts: editor.action.trimTrailingWhitespace
ng-covid-19/src/app/coronavirus/components/coronavirus-map/coronavirus-map.component.ts: Using EditorConfig core...
ng-covid-19/src/app/coronavirus/components/coronavirus-map/coronavirus-map.component.ts: editor.action.trimTrailingWhitespace
ng-covid-19/src/app/coronavirus/components/coronavirus-map/coronavirus-map.component.ts: Using EditorConfig core...
ng-covid-19/src/app/coronavirus/components/coronavirus-map/coronavirus-map.component.ts: editor.action.trimTrailingWhitespace
ng-covid-19/src/app/coronavirus/components/coronavirus-map/coronavirus-map.component.ts: {"insertSpaces":true,"tabSize":2}
ng-covid-19/src/app/coronavirus/components/coronavirus-graph/coronavirus-graph.component.spec.ts: {"insertSpaces":true,"tabSize":2}
ng-covid-19/src/app/coronavirus/components/coronavirus-graph/coronavirus-graph.component.html: {"insertSpaces":true,"tabSize":2}
ng-covid-19/src/app/coronavirus/components/coronavirus-graph/coronavirus-graph.component.spec.ts: {"insertSpaces":true,"tabSize":2}
ng-covid-19/src/app/coronavirus/components/coronavirus-graph/coronavirus-graph.component.ts: {"insertSpaces":true,"tabSize":2}
ng-covid-19/src/app/coronavirus/components/coronavirus-graph/coronavirus-graph.component.ts: Using EditorConfig core...
ng-covid-19/src/app/coronavirus/components/coronavirus-graph/coronavirus-graph.component.ts: editor.action.trimTrailingWhitespace
ng-covid-19/src/app/coronavirus/components/coronavirus-graph/coronavirus-graph.component.ts: Using EditorConfig core...
ng-covid-19/src/app/coronavirus/components/coronavirus-graph/coronavirus-graph.component.ts: editor.action.trimTrailingWhitespace
ng-covid-19/src/app/coronavirus/components/coronavirus-graph/coronavirus-graph.component.ts: {"insertSpaces":true,"tabSize":2}
ng-covid-19/src/app/coronavirus/services/coronavirus.service.ts: {"insertSpaces":true,"tabSize":2}
ng-covid-19/src/app/coronavirus/services/coronavirus.service.ts: Using EditorConfig core...
ng-covid-19/src/app/coronavirus/services/coronavirus.service.ts: editor.action.trimTrailingWhitespace
ng-covid-19/src/app/coronavirus/services/coronavirus.service.ts: Using EditorConfig core...
ng-covid-19/src/app/coronavirus/services/coronavirus.service.ts: editor.action.trimTrailingWhitespace
ng-covid-19/src/app/coronavirus/services/coronavirus.service.ts: {"insertSpaces":true,"tabSize":2}
ng-covid-19/src/app/coronavirus/components/coronavirus-chart-age/coronavirus-chart-age.component.ts: {"insertSpaces":true,"tabSize":2}
ng-covid-19/src/app/coronavirus/components/coronavirus-chart-age/coronavirus-chart-age.component.ts: Using EditorConfig core...
ng-covid-19/src/app/coronavirus/components/coronavirus-chart-age/coronavirus-chart-age.component.ts: editor.action.trimTrailingWhitespace
ng-covid-19/src/app/coronavirus/components/coronavirus-chart-age/coronavirus-chart-age.component.ts: Using EditorConfig core...
ng-covid-19/src/app/coronavirus/components/coronavirus-chart-age/coronavirus-chart-age.component.ts: editor.action.trimTrailingWhitespace
ng-covid-19/src/app/coronavirus/components/coronavirus-chart-age/coronavirus-chart-age.component.ts: {"insertSpaces":true,"tabSize":2}
ng-covid-19/src/app/coronavirus/containers/coronavirus/coronavirus.component.ts: {"insertSpaces":true,"tabSize":2}
ng-covid-19/src/app/coronavirus/containers/coronavirus/coronavirus.component.ts: Using EditorConfig core...
ng-covid-19/src/app/coronavirus/containers/coronavirus/coronavirus.component.ts: editor.action.trimTrailingWhitespace
ng-covid-19/src/app/coronavirus/containers/coronavirus/coronavirus.component.ts: {"insertSpaces":true,"tabSize":2}
ng-covid-19/src/app/coronavirus/containers/coronavirus-links/coronavirus-links.component.ts: {"insertSpaces":true,"tabSize":2}
ng-covid-19/src/app/coronavirus/containers/coronavirus-links/coronavirus-links.component.ts: {"insertSpaces":true,"tabSize":2}
ng-covid-19/src/app/coronavirus/components/coronavirus-graph/coronavirus-graph.component.ts: {"insertSpaces":true,"tabSize":2}
ng-covid-19/src/app/coronavirus/components/coronavirus-graph/coronavirus-graph.component.ts: Using EditorConfig core...
ng-covid-19/src/app/coronavirus/components/coronavirus-graph/coronavirus-graph.component.ts: editor.action.trimTrailingWhitespace
ng-covid-19/src/app/coronavirus/components/coronavirus-graph/coronavirus-graph.component.ts: {"insertSpaces":true,"tabSize":2}
ng-covid-19/src/app/coronavirus/containers/coronavirus-links-france/coronavirus-links-france.component.ts: {"insertSpaces":true,"tabSize":2}
ng-covid-19/src/app/coronavirus/containers/coronavirus-links-france/coronavirus-links-france.component.ts: Using EditorConfig core...
ng-covid-19/src/app/coronavirus/containers/coronavirus-links-france/coronavirus-links-france.component.ts: editor.action.trimTrailingWhitespace
ng-covid-19/src/app/coronavirus/containers/coronavirus-links-france/coronavirus-links-france.component.ts: {"insertSpaces":true,"tabSize":2}
ng-covid-19/src/app/coronavirus/containers/coronavirus/coronavirus.component.ts: {"insertSpaces":true,"tabSize":2}
ng-covid-19/src/app/coronavirus/containers/coronavirus/coronavirus.component.ts: Using EditorConfig core...
ng-covid-19/src/app/coronavirus/containers/coronavirus/coronavirus.component.ts: editor.action.trimTrailingWhitespace
ng-covid-19/src/app/coronavirus/containers/coronavirus/coronavirus.component.ts: Using EditorConfig core...
ng-covid-19/src/app/coronavirus/containers/coronavirus/coronavirus.component.ts: editor.action.trimTrailingWhitespace
ng-covid-19/src/app/coronavirus/containers/coronavirus/coronavirus.component.ts: {"insertSpaces":true,"tabSize":2}
ng-covid-19/src/app/info/disease/disease.component.ts: {"insertSpaces":true,"tabSize":2}
ng-covid-19/src/app/info/disease/disease.component.ts: Using EditorConfig core...
ng-covid-19/src/app/info/disease/disease.component.ts: editor.action.trimTrailingWhitespace
ng-covid-19/src/app/info/disease/disease.component.ts: {"insertSpaces":true,"tabSize":2}
ng-covid-19/src/app/info/gouv/gouv.component.ts: {"insertSpaces":true,"tabSize":2}
ng-covid-19/src/app/info/gouv/gouv.component.ts: Using EditorConfig core...
ng-covid-19/src/app/info/gouv/gouv.component.ts: editor.action.trimTrailingWhitespace
ng-covid-19/src/app/info/disease-test/disease-test.component.ts: {"insertSpaces":true,"tabSize":2}
ng-covid-19/src/app/info/disease-test/disease-test.component.ts: Using EditorConfig core...
ng-covid-19/src/app/info/disease-test/disease-test.component.ts: editor.action.trimTrailingWhitespace
ng-covid-19/src/app/info/disease-test/disease-test.component.ts: {"insertSpaces":true,"tabSize":2}
ng-covid-19/src/app/coronavirus/containers/coronavirus-links/coronavirus-links.component.ts: {"insertSpaces":true,"tabSize":2}
ng-covid-19/src/app/coronavirus/containers/coronavirus-links/coronavirus-links.component.ts: Using EditorConfig core...
ng-covid-19/src/app/coronavirus/containers/coronavirus-links/coronavirus-links.component.ts: editor.action.trimTrailingWhitespace
ng-covid-19/src/app/coronavirus/containers/coronavirus-links/coronavirus-links.component.ts: Using EditorConfig core...
ng-covid-19/src/app/coronavirus/containers/coronavirus-links/coronavirus-links.component.ts: editor.action.trimTrailingWhitespace
ng-covid-19/src/app/coronavirus/containers/coronavirus-links/coronavirus-links.component.ts: Using EditorConfig core...
ng-covid-19/src/app/coronavirus/containers/coronavirus-links/coronavirus-links.component.ts: editor.action.trimTrailingWhitespace
ng-covid-19/src/app/coronavirus/containers/coronavirus-links/coronavirus-links.component.ts: {"insertSpaces":true,"tabSize":2}
ng-covid-19/src/app/coronavirus/containers/coronavirus-links/coronavirus-links.component.ts: {"insertSpaces":true,"tabSize":2}
ng-covid-19/src/app/coronavirus/containers/coronavirus-links/coronavirus-links.component.ts: {"insertSpaces":true,"tabSize":2}
ng-covid-19/src/app/coronavirus/containers/coronavirus-links/coronavirus-links.component.ts: {"insertSpaces":true,"tabSize":2}
ng-covid-19/src/app/coronavirus/containers/coronavirus-links/coronavirus-links.component.ts: {"insertSpaces":true,"tabSize":2}
ng-covid-19/src/app/coronavirus/containers/coronavirus-links/coronavirus-links.component.ts: {"insertSpaces":true,"tabSize":2}
