[2020-04-03 22:51:42.294] [renderer1] [error] <semantic> TypeScript Server Error (3.8.3)
Debug Failure. Token and statement should start at the same point. {"statementKind":"ClassDeclaration","tokenKind":"CloseBraceToken","errorCode":7027,"start":3831,"length":21}
Error: Debug Failure. Token and statement should start at the same point. {"statementKind":"ClassDeclaration","tokenKind":"CloseBraceToken","errorCode":7027,"start":3831,"length":21}
    at doChange (tsserver.js:129428:26)
    at tsserver.js:129411:96
    at Function.ChangeTracker.with (tsserver.js:123413:17)
    at Object.getCodeActions (tsserver.js:129411:64)
    at tsserver.js:124540:77
    at Object.flatMap (tsserver.js:465:25)
    at Object.getFixes (tsserver.js:124540:23)
    at tsserver.js:135666:35
    at Object.flatMap (tsserver.js:465:25)
    at Proxy.getCodeFixesAtPosition (tsserver.js:135664:23)
    at TSLintPlugin.getCodeFixesAtPosition (/home/souryvath/.vscode/extensions/ms-vscode.vscode-typescript-tslint-plugin-1.2.3/node_modules/typescript-tslint-plugin/out/plugin.js:170:34)
    at Proxy.intercept.getCodeFixesAtPosition (/home/souryvath/.vscode/extensions/ms-vscode.vscode-typescript-tslint-plugin-1.2.3/node_modules/typescript-tslint-plugin/out/plugin.js:77:25)
    at IOSession.Session.getCodeFixes (tsserver.js:145753:64)
    at Session.handlers.ts.createMapFromTemplate._a.<computed> (tsserver.js:144510:61)
    at tsserver.js:146003:88
    at IOSession.Session.executeWithRequestId (tsserver.js:145994:28)
    at IOSession.Session.executeCommand (tsserver.js:146003:33)
    at IOSession.Session.onMessage (tsserver.js:146027:35)
    at Interface.<anonymous> (tsserver.js:147342:27)
    at Interface.emit (events.js:203:13)
    at Interface._onLine (readline.js:316:10)
    at Interface._normalWrite (readline.js:461:12)
    at Socket.ondata (readline.js:172:10)
    at Socket.emit (events.js:203:13)
    at addChunk (_stream_readable.js:295:12)
    at readableAddChunk (_stream_readable.js:276:11)
    at Socket.Readable.push (_stream_readable.js:210:10)
    at Pipe.onStreamRead (internal/stream_base_commons.js:166:17): Error: <semantic> TypeScript Server Error (3.8.3)
Debug Failure. Token and statement should start at the same point. {"statementKind":"ClassDeclaration","tokenKind":"CloseBraceToken","errorCode":7027,"start":3831,"length":21}
Error: Debug Failure. Token and statement should start at the same point. {"statementKind":"ClassDeclaration","tokenKind":"CloseBraceToken","errorCode":7027,"start":3831,"length":21}
    at doChange (tsserver.js:129428:26)
    at tsserver.js:129411:96
    at Function.ChangeTracker.with (tsserver.js:123413:17)
    at Object.getCodeActions (tsserver.js:129411:64)
    at tsserver.js:124540:77
    at Object.flatMap (tsserver.js:465:25)
    at Object.getFixes (tsserver.js:124540:23)
    at tsserver.js:135666:35
    at Object.flatMap (tsserver.js:465:25)
    at Proxy.getCodeFixesAtPosition (tsserver.js:135664:23)
    at TSLintPlugin.getCodeFixesAtPosition (/home/souryvath/.vscode/extensions/ms-vscode.vscode-typescript-tslint-plugin-1.2.3/node_modules/typescript-tslint-plugin/out/plugin.js:170:34)
    at Proxy.intercept.getCodeFixesAtPosition (/home/souryvath/.vscode/extensions/ms-vscode.vscode-typescript-tslint-plugin-1.2.3/node_modules/typescript-tslint-plugin/out/plugin.js:77:25)
    at IOSession.Session.getCodeFixes (tsserver.js:145753:64)
    at Session.handlers.ts.createMapFromTemplate._a.<computed> (tsserver.js:144510:61)
    at tsserver.js:146003:88
    at IOSession.Session.executeWithRequestId (tsserver.js:145994:28)
    at IOSession.Session.executeCommand (tsserver.js:146003:33)
    at IOSession.Session.onMessage (tsserver.js:146027:35)
    at Interface.<anonymous> (tsserver.js:147342:27)
    at Interface.emit (events.js:203:13)
    at Interface._onLine (readline.js:316:10)
    at Interface._normalWrite (readline.js:461:12)
    at Socket.ondata (readline.js:172:10)
    at Socket.emit (events.js:203:13)
    at addChunk (_stream_readable.js:295:12)
    at readableAddChunk (_stream_readable.js:276:11)
    at Socket.Readable.push (_stream_readable.js:210:10)
    at Pipe.onStreamRead (internal/stream_base_commons.js:166:17)
	at Function.create (/snap/code/28/usr/share/code/resources/app/extensions/typescript-language-features/dist/extension.js:1:49958)
	at h.dispatchResponse (/snap/code/28/usr/share/code/resources/app/extensions/typescript-language-features/dist/extension.js:1:216914)
	at h.dispatchMessage (/snap/code/28/usr/share/code/resources/app/extensions/typescript-language-features/dist/extension.js:1:215832)
	at /snap/code/28/usr/share/code/resources/app/extensions/typescript-language-features/dist/extension.js:1:215308
	at l.fire (/snap/code/28/usr/share/code/resources/app/out/vs/workbench/services/extensions/node/extensionHostProcess.js:48:845)
	at t.Reader.onLengthData (/snap/code/28/usr/share/code/resources/app/extensions/typescript-language-features/dist/extension.js:1:223870)
	at Socket.<anonymous> (/snap/code/28/usr/share/code/resources/app/extensions/typescript-language-features/dist/extension.js:1:223518)
	at Socket.emit (events.js:203:13)
	at addChunk (_stream_readable.js:295:12)
	at readableAddChunk (_stream_readable.js:276:11)
	at Socket.Readable.push (_stream_readable.js:210:10)
	at Pipe.onStreamRead (internal/stream_base_commons.js:166:17)
